padmin@jjvm006:~/CODE/kubevirt$ kubectl api-resources --namespaced=true
NAME                                SHORTNAMES                             APIGROUP                    NAMESPACED   KIND
bindings                                                                                               true         Binding
configmaps                          cm                                                                 true         ConfigMap
endpoints                           ep                                                                 true         Endpoints
events                              ev                                                                 true         Event
limitranges                         limits                                                             true         LimitRange
persistentvolumeclaims              pvc                                                                true         PersistentVolumeClaim
pods                                po                                                                 true         Pod
podtemplates                                                                                           true         PodTemplate
replicationcontrollers              rc                                                                 true         ReplicationController
resourcequotas                      quota                                                              true         ResourceQuota
secrets                                                                                                true         Secret
serviceaccounts                     sa                                                                 true         ServiceAccount
services                            svc                                                                true         Service
controllerrevisions                                                        apps                        true         ControllerRevision
daemonsets                          ds                                     apps                        true         DaemonSet
deployments                         deploy                                 apps                        true         Deployment
replicasets                         rs                                     apps                        true         ReplicaSet
statefulsets                        sts                                    apps                        true         StatefulSet
localsubjectaccessreviews                                                  authorization.k8s.io        true         LocalSubjectAccessReview
horizontalpodautoscalers            hpa                                    autoscaling                 true         HorizontalPodAutoscaler
cronjobs                            cj                                     batch                       true         CronJob
jobs                                                                       batch                       true         Job
leases                                                                     coordination.k8s.io         true         Lease
endpointslices                                                             discovery.k8s.io            true         EndpointSlice
events                              ev                                     events.k8s.io               true         Event
ingresses                           ing                                    extensions                  true         Ingress
kubevirts                           kv,kvs                                 kubevirt.io                 true         KubeVirt
virtualmachineinstancemigrations    vmim,vmims                             kubevirt.io                 true         VirtualMachineInstanceMigration
virtualmachineinstancepresets       vmipreset,vmipresets                   kubevirt.io                 true         VirtualMachineInstancePreset
virtualmachineinstancereplicasets   vmirs,vmirss                           kubevirt.io                 true         VirtualMachineInstanceReplicaSet
virtualmachineinstances             vmi,vmis                               kubevirt.io                 true         VirtualMachineInstance
virtualmachines                     vm,vms                                 kubevirt.io                 true         VirtualMachine
ingresses                           ing                                    networking.k8s.io           true         Ingress
networkpolicies                     netpol                                 networking.k8s.io           true         NetworkPolicy
poddisruptionbudgets                pdb                                    policy                      true         PodDisruptionBudget
rolebindings                                                               rbac.authorization.k8s.io   true         RoleBinding
roles                                                                      rbac.authorization.k8s.io   true         Role
virtualmachinesnapshotcontents      vmsnapshotcontent,vmsnapshotcontents   snapshot.kubevirt.io        true         VirtualMachineSnapshotContent
virtualmachinesnapshots             vmsnapshot,vmsnapshots                 snapshot.kubevirt.io        true         VirtualMachineSnapshot
padmin@jjvm006:~/CODE/kubevirt$ kubectl api-resources --namespaced=false
NAME                              SHORTNAMES   APIGROUP                       NAMESPACED   KIND
componentstatuses                 cs                                          false        ComponentStatus
namespaces                        ns                                          false        Namespace
nodes                             no                                          false        Node
persistentvolumes                 pv                                          false        PersistentVolume
mutatingwebhookconfigurations                  admissionregistration.k8s.io   false        MutatingWebhookConfiguration
validatingwebhookconfigurations                admissionregistration.k8s.io   false        ValidatingWebhookConfiguration
customresourcedefinitions         crd,crds     apiextensions.k8s.io           false        CustomResourceDefinition
apiservices                                    apiregistration.k8s.io         false        APIService
tokenreviews                                   authentication.k8s.io          false        TokenReview
selfsubjectaccessreviews                       authorization.k8s.io           false        SelfSubjectAccessReview
selfsubjectrulesreviews                        authorization.k8s.io           false        SelfSubjectRulesReview
subjectaccessreviews                           authorization.k8s.io           false        SubjectAccessReview
certificatesigningrequests        csr          certificates.k8s.io            false        CertificateSigningRequest
ingressclasses                                 networking.k8s.io              false        IngressClass
runtimeclasses                                 node.k8s.io                    false        RuntimeClass
podsecuritypolicies               psp          policy                         false        PodSecurityPolicy
clusterrolebindings                            rbac.authorization.k8s.io      false        ClusterRoleBinding
clusterroles                                   rbac.authorization.k8s.io      false        ClusterRole
priorityclasses                   pc           scheduling.k8s.io              false        PriorityClass
csidrivers                                     storage.k8s.io                 false        CSIDriver
csinodes                                       storage.k8s.io                 false        CSINode
storageclasses                    sc           storage.k8s.io                 false        StorageClass
volumeattachments                              storage.k8s.io                 false        VolumeAttachment
padmin@jjvm006:~/CODE/kubevirt$ kubectl get customresourcedefinitions
NAME                                                  CREATED AT
kubevirts.kubevirt.io                                 2020-09-21T17:52:07Z
virtualmachineinstancemigrations.kubevirt.io          2020-09-21T17:52:47Z
virtualmachineinstancepresets.kubevirt.io             2020-09-21T17:52:47Z
virtualmachineinstancereplicasets.kubevirt.io         2020-09-21T17:52:47Z
virtualmachineinstances.kubevirt.io                   2020-09-21T17:52:46Z
virtualmachines.kubevirt.io                           2020-09-21T17:52:47Z
virtualmachinesnapshotcontents.snapshot.kubevirt.io   2020-09-21T17:52:47Z
virtualmachinesnapshots.snapshot.kubevirt.io          2020-09-21T17:52:47Z
padmin@jjvm006:~/CODE/kubevirt$ kubectl get customresourcedefinitions kubevirts
Error from server (NotFound): customresourcedefinitions.apiextensions.k8s.io "kubevirts" not found
padmin@jjvm006:~/CODE/kubevirt$ kubectl get customresourcedefinitions kubevirts.kubevirt.io
NAME                    CREATED AT
kubevirts.kubevirt.io   2020-09-21T17:52:07Z
padmin@jjvm006:~/CODE/kubevirt$ kubectl get customresourcedefinitions kubevirts.kubevirt.io -o yaml
apiVersion: apiextensions.k8s.io/v1
kind: CustomResourceDefinition
metadata:
  annotations:
    kubectl.kubernetes.io/last-applied-configuration: |
      {"apiVersion":"apiextensions.k8s.io/v1beta1","kind":"CustomResourceDefinition","metadata":{"annotations":{},"labels":{"operator.kubevirt.io":""},"name":"kubevirts.kubevirt.io"},"spec":{"additionalPrinterColumns":[{"JSONPath":".metadata.creationTimestamp","name":"Age","type":"date"},{"JSONPath":".status.phase","name":"Phase","type":"string"}],"group":"kubevirt.io","names":{"categories":["all"],"kind":"KubeVirt","plural":"kubevirts","shortNames":["kv","kvs"],"singular":"kubevirt"},"scope":"Namespaced","subresources":{"status":{}},"version":"v1alpha3","versions":[{"name":"v1alpha3","served":true,"storage":true}]}}
  creationTimestamp: "2020-09-21T17:52:07Z"
  generation: 1
  labels:
    operator.kubevirt.io: ""
  managedFields:
  - apiVersion: apiextensions.k8s.io/v1
    fieldsType: FieldsV1
    fieldsV1:
      f:status:
        f:acceptedNames:
          f:categories: {}
          f:kind: {}
          f:listKind: {}
          f:plural: {}
          f:shortNames: {}
          f:singular: {}
        f:conditions: {}
    manager: kube-apiserver
    operation: Update
    time: "2020-09-21T17:52:07Z"
  - apiVersion: apiextensions.k8s.io/v1beta1
    fieldsType: FieldsV1
    fieldsV1:
      f:metadata:
        f:annotations:
          .: {}
          f:kubectl.kubernetes.io/last-applied-configuration: {}
        f:labels:
          .: {}
          f:operator.kubevirt.io: {}
      f:spec:
        f:additionalPrinterColumns: {}
        f:conversion:
          .: {}
          f:strategy: {}
        f:group: {}
        f:names:
          f:categories: {}
          f:kind: {}
          f:listKind: {}
          f:plural: {}
          f:shortNames: {}
          f:singular: {}
        f:preserveUnknownFields: {}
        f:scope: {}
        f:subresources:
          .: {}
          f:status: {}
        f:version: {}
        f:versions: {}
      f:status:
        f:storedVersions: {}
    manager: kubectl-client-side-apply
    operation: Update
    time: "2020-09-21T17:52:07Z"
  name: kubevirts.kubevirt.io
  resourceVersion: "789762"
  selfLink: /apis/apiextensions.k8s.io/v1/customresourcedefinitions/kubevirts.kubevirt.io
  uid: 98e6d46c-6142-44e6-915a-c9720a7efd7d
spec:
  conversion:
    strategy: None
  group: kubevirt.io
  names:
    categories:
    - all
    kind: KubeVirt
    listKind: KubeVirtList
    plural: kubevirts
    shortNames:
    - kv
    - kvs
    singular: kubevirt
  preserveUnknownFields: true
  scope: Namespaced
  versions:
  - additionalPrinterColumns:
    - jsonPath: .metadata.creationTimestamp
      name: Age
      type: date
    - jsonPath: .status.phase
      name: Phase
      type: string
    name: v1alpha3
    served: true
    storage: true
    subresources:
      status: {}
status:
  acceptedNames:
    categories:
    - all
    kind: KubeVirt
    listKind: KubeVirtList
    plural: kubevirts
    shortNames:
    - kv
    - kvs
    singular: kubevirt
  conditions:
  - lastTransitionTime: "2020-09-21T17:52:07Z"
    message: no conflicts found
    reason: NoConflicts
    status: "True"
    type: NamesAccepted
  - lastTransitionTime: "2020-09-21T17:52:07Z"
    message: the initial names have been accepted
    reason: InitialNamesAccepted
    status: "True"
    type: Established
  storedVersions:
  - v1alpha3
padmin@jjvm006:~/CODE/kubevirt$ kubectl get customresourcedefinitions virtualmachines.kubevirt.io -o yaml
apiVersion: apiextensions.k8s.io/v1
kind: CustomResourceDefinition
metadata:
  annotations:
    kubevirt.io/install-strategy-identifier: 4f10d8a1712324b71d0ff3612f097563b4912e51
    kubevirt.io/install-strategy-registry: index.docker.io/kubevirt
    kubevirt.io/install-strategy-version: v0.33.0
  creationTimestamp: "2020-09-21T17:52:47Z"
  generation: 1
  labels:
    app.kubernetes.io/component: kubevirt
    app.kubernetes.io/managed-by: kubevirt-operator
    kubevirt.io: ""
  managedFields:
  - apiVersion: apiextensions.k8s.io/v1
    fieldsType: FieldsV1
    fieldsV1:
      f:status:
        f:acceptedNames:
          f:categories: {}
          f:kind: {}
          f:listKind: {}
          f:plural: {}
          f:shortNames: {}
          f:singular: {}
        f:conditions: {}
    manager: kube-apiserver
    operation: Update
    time: "2020-09-21T17:52:47Z"
  - apiVersion: apiextensions.k8s.io/v1beta1
    fieldsType: FieldsV1
    fieldsV1:
      f:metadata:
        f:annotations:
          .: {}
          f:kubevirt.io/install-strategy-identifier: {}
          f:kubevirt.io/install-strategy-registry: {}
          f:kubevirt.io/install-strategy-version: {}
        f:labels:
          .: {}
          f:app.kubernetes.io/component: {}
          f:app.kubernetes.io/managed-by: {}
          f:kubevirt.io: {}
      f:spec:
        f:additionalPrinterColumns: {}
        f:conversion:
          .: {}
          f:strategy: {}
        f:group: {}
        f:names:
          f:categories: {}
          f:kind: {}
          f:listKind: {}
          f:plural: {}
          f:shortNames: {}
          f:singular: {}
        f:preserveUnknownFields: {}
        f:scope: {}
        f:subresources:
          .: {}
          f:status: {}
        f:version: {}
        f:versions: {}
      f:status:
        f:storedVersions: {}
    manager: virt-operator
    operation: Update
    time: "2020-09-21T17:52:47Z"
  name: virtualmachines.kubevirt.io
  resourceVersion: "789884"
  selfLink: /apis/apiextensions.k8s.io/v1/customresourcedefinitions/virtualmachines.kubevirt.io
  uid: fe317335-b40e-4134-9c26-8957007cc6dc
spec:
  conversion:
    strategy: None
  group: kubevirt.io
  names:
    categories:
    - all
    kind: VirtualMachine
    listKind: VirtualMachineList
    plural: virtualmachines
    shortNames:
    - vm
    - vms
    singular: virtualmachine
  preserveUnknownFields: true
  scope: Namespaced
  versions:
  - additionalPrinterColumns:
    - jsonPath: .metadata.creationTimestamp
      name: Age
      type: date
    - description: Primary Volume
      jsonPath: .spec.volumes[0].name
      name: Volume
      type: string
    - jsonPath: .status.created
      name: Created
      priority: 1
      type: boolean
    name: v1alpha3
    served: true
    storage: true
    subresources:
      status: {}
status:
  acceptedNames:
    categories:
    - all
    kind: VirtualMachine
    listKind: VirtualMachineList
    plural: virtualmachines
    shortNames:
    - vm
    - vms
    singular: virtualmachine
  conditions:
  - lastTransitionTime: "2020-09-21T17:52:47Z"
    message: no conflicts found
    reason: NoConflicts
    status: "True"
    type: NamesAccepted
  - lastTransitionTime: "2020-09-21T17:52:47Z"
    message: the initial names have been accepted
    reason: InitialNamesAccepted
    status: "True"
    type: Established
  storedVersions:
  - v1alpha3
padmin@jjvm006:~/CODE/kubevirt$ history | grep kubectl | tail -20
 2181  kubectl api-resources --namespaced=false
 2182  kubectl get clusterroles 
 2183  kubectl get clusterrole system:controller:node-controller -o yaml
 2186  kubectl apply -f https://github.com/kubevirt/kubevirt/releases/download/v0.33.0/kubevirt-operator.yaml
 2187  kubectl apply -f https://github.com/kubevirt/kubevirt/releases/download/v0.33.0/kubevirt-cr.yaml
 2189  kubectl get clusterroles 
 2190  kubectl get clusterroles kubevirt-operator
 2191  kubectl get clusterroles kubevirt-operator -o yaml
 2193  kubectl serviceaccounts list
 2194  kubectl get serviceaccounts 
 2195  kubectl get serviceaccounts -A
 2218  history | grep kubectl
 2219  kubectl api-resources --namespaced=true
 2220  kubectl api-resources --namespaced=false
 2221  kubectl get customresourcedefinitions
 2222  kubectl get customresourcedefinitions kubevirts
 2223  kubectl get customresourcedefinitions kubevirts.kubevirt.io
 2224  kubectl get customresourcedefinitions kubevirts.kubevirt.io -o yaml
 2225  kubectl get customresourcedefinitions virtualmachines.kubevirt.io -o yaml
 2226  history | grep kubectl | tail -20
padmin@jjvm006:~/CODE/kubevirt$ kubectl get customresourcedefinitions virtualmachineinstances.kubevirt.io
NAME                                  CREATED AT
virtualmachineinstances.kubevirt.io   2020-09-21T17:52:46Z
padmin@jjvm006:~/CODE/kubevirt$ kubectl get customresourcedefinitions virtualmachineinstances.kubevirt.io -o yaml
apiVersion: apiextensions.k8s.io/v1
kind: CustomResourceDefinition
metadata:
  annotations:
    kubevirt.io/install-strategy-identifier: 4f10d8a1712324b71d0ff3612f097563b4912e51
    kubevirt.io/install-strategy-registry: index.docker.io/kubevirt
    kubevirt.io/install-strategy-version: v0.33.0
  creationTimestamp: "2020-09-21T17:52:46Z"
  generation: 1
  labels:
    app.kubernetes.io/component: kubevirt
    app.kubernetes.io/managed-by: kubevirt-operator
    kubevirt.io: ""
  managedFields:
  - apiVersion: apiextensions.k8s.io/v1beta1
    fieldsType: FieldsV1
    fieldsV1:
      f:metadata:
        f:annotations:
          .: {}
          f:kubevirt.io/install-strategy-identifier: {}
          f:kubevirt.io/install-strategy-registry: {}
          f:kubevirt.io/install-strategy-version: {}
        f:labels:
          .: {}
          f:app.kubernetes.io/component: {}
          f:app.kubernetes.io/managed-by: {}
          f:kubevirt.io: {}
      f:spec:
        f:additionalPrinterColumns: {}
        f:conversion:
          .: {}
          f:strategy: {}
        f:group: {}
        f:names:
          f:categories: {}
          f:kind: {}
          f:listKind: {}
          f:plural: {}
          f:shortNames: {}
          f:singular: {}
        f:preserveUnknownFields: {}
        f:scope: {}
        f:version: {}
        f:versions: {}
      f:status:
        f:storedVersions: {}
    manager: virt-operator
    operation: Update
    time: "2020-09-21T17:52:46Z"
  - apiVersion: apiextensions.k8s.io/v1
    fieldsType: FieldsV1
    fieldsV1:
      f:status:
        f:acceptedNames:
          f:categories: {}
          f:kind: {}
          f:listKind: {}
          f:plural: {}
          f:shortNames: {}
          f:singular: {}
        f:conditions: {}
    manager: kube-apiserver
    operation: Update
    time: "2020-09-21T17:52:47Z"
  name: virtualmachineinstances.kubevirt.io
  resourceVersion: "789867"
  selfLink: /apis/apiextensions.k8s.io/v1/customresourcedefinitions/virtualmachineinstances.kubevirt.io
  uid: 04e4f7c7-d391-4bf2-b543-8b801eabb63a
spec:
  conversion:
    strategy: None
  group: kubevirt.io
  names:
    categories:
    - all
    kind: VirtualMachineInstance
    listKind: VirtualMachineInstanceList
    plural: virtualmachineinstances
    shortNames:
    - vmi
    - vmis
    singular: virtualmachineinstance
  preserveUnknownFields: true
  scope: Namespaced
  versions:
  - additionalPrinterColumns:
    - jsonPath: .metadata.creationTimestamp
      name: Age
      type: date
    - jsonPath: .status.phase
      name: Phase
      type: string
    - jsonPath: .status.interfaces[0].ipAddress
      name: IP
      type: string
    - jsonPath: .status.nodeName
      name: NodeName
      type: string
    - jsonPath: .status.conditions[?(@.type=='LiveMigratable')].status
      name: Live-Migratable
      priority: 1
      type: string
    - jsonPath: .status.conditions[?(@.type=='Paused')].status
      name: Paused
      priority: 1
      type: string
    name: v1alpha3
    served: true
    storage: true
status:
  acceptedNames:
    categories:
    - all
    kind: VirtualMachineInstance
    listKind: VirtualMachineInstanceList
    plural: virtualmachineinstances
    shortNames:
    - vmi
    - vmis
    singular: virtualmachineinstance
  conditions:
  - lastTransitionTime: "2020-09-21T17:52:47Z"
    message: no conflicts found
    reason: NoConflicts
    status: "True"
    type: NamesAccepted
  - lastTransitionTime: "2020-09-21T17:52:47Z"
    message: the initial names have been accepted
    reason: InitialNamesAccepted
    status: "True"
    type: Established
  storedVersions:
  - v1alpha3
padmin@jjvm006:~/CODE/kubevirt$ kubectl get customresourcedefinitions virtualmachineinstancereplicasets.kubevirt.io
NAME                                            CREATED AT
virtualmachineinstancereplicasets.kubevirt.io   2020-09-21T17:52:47Z
padmin@jjvm006:~/CODE/kubevirt$ kubectl get customresourcedefinitions virtualmachineinstancereplicasets.kubevirt.io -o yaml
apiVersion: apiextensions.k8s.io/v1
kind: CustomResourceDefinition
metadata:
  annotations:
    kubevirt.io/install-strategy-identifier: 4f10d8a1712324b71d0ff3612f097563b4912e51
    kubevirt.io/install-strategy-registry: index.docker.io/kubevirt
    kubevirt.io/install-strategy-version: v0.33.0
  creationTimestamp: "2020-09-21T17:52:47Z"
  generation: 1
  labels:
    app.kubernetes.io/component: kubevirt
    app.kubernetes.io/managed-by: kubevirt-operator
    kubevirt.io: ""
  managedFields:
  - apiVersion: apiextensions.k8s.io/v1
    fieldsType: FieldsV1
    fieldsV1:
      f:status:
        f:acceptedNames:
          f:categories: {}
          f:kind: {}
          f:listKind: {}
          f:plural: {}
          f:shortNames: {}
          f:singular: {}
        f:conditions: {}
    manager: kube-apiserver
    operation: Update
    time: "2020-09-21T17:52:47Z"
  - apiVersion: apiextensions.k8s.io/v1beta1
    fieldsType: FieldsV1
    fieldsV1:
      f:metadata:
        f:annotations:
          .: {}
          f:kubevirt.io/install-strategy-identifier: {}
          f:kubevirt.io/install-strategy-registry: {}
          f:kubevirt.io/install-strategy-version: {}
        f:labels:
          .: {}
          f:app.kubernetes.io/component: {}
          f:app.kubernetes.io/managed-by: {}
          f:kubevirt.io: {}
      f:spec:
        f:additionalPrinterColumns: {}
        f:conversion:
          .: {}
          f:strategy: {}
        f:group: {}
        f:names:
          f:categories: {}
          f:kind: {}
          f:listKind: {}
          f:plural: {}
          f:shortNames: {}
          f:singular: {}
        f:preserveUnknownFields: {}
        f:scope: {}
        f:subresources:
          .: {}
          f:scale:
            .: {}
            f:labelSelectorPath: {}
            f:specReplicasPath: {}
            f:statusReplicasPath: {}
          f:status: {}
        f:version: {}
        f:versions: {}
      f:status:
        f:storedVersions: {}
    manager: virt-operator
    operation: Update
    time: "2020-09-21T17:52:47Z"
  name: virtualmachineinstancereplicasets.kubevirt.io
  resourceVersion: "789876"
  selfLink: /apis/apiextensions.k8s.io/v1/customresourcedefinitions/virtualmachineinstancereplicasets.kubevirt.io
  uid: ec434cbd-aa4d-42f2-b544-68f657915a9b
spec:
  conversion:
    strategy: None
  group: kubevirt.io
  names:
    categories:
    - all
    kind: VirtualMachineInstanceReplicaSet
    listKind: VirtualMachineInstanceReplicaSetList
    plural: virtualmachineinstancereplicasets
    shortNames:
    - vmirs
    - vmirss
    singular: virtualmachineinstancereplicaset
  preserveUnknownFields: true
  scope: Namespaced
  versions:
  - additionalPrinterColumns:
    - description: Number of desired VirtualMachineInstances
      jsonPath: .spec.replicas
      name: Desired
      type: integer
    - description: Number of managed and not final or deleted VirtualMachineInstances
      jsonPath: .status.replicas
      name: Current
      type: integer
    - description: Number of managed VirtualMachineInstances which are ready to receive
        traffic
      jsonPath: .status.readyReplicas
      name: Ready
      type: integer
    - jsonPath: .metadata.creationTimestamp
      name: Age
      type: date
    name: v1alpha3
    served: true
    storage: true
    subresources:
      scale:
        labelSelectorPath: .status.labelSelector
        specReplicasPath: .spec.replicas
        statusReplicasPath: .status.replicas
      status: {}
status:
  acceptedNames:
    categories:
    - all
    kind: VirtualMachineInstanceReplicaSet
    listKind: VirtualMachineInstanceReplicaSetList
    plural: virtualmachineinstancereplicasets
    shortNames:
    - vmirs
    - vmirss
    singular: virtualmachineinstancereplicaset
  conditions:
  - lastTransitionTime: "2020-09-21T17:52:47Z"
    message: no conflicts found
    reason: NoConflicts
    status: "True"
    type: NamesAccepted
  - lastTransitionTime: "2020-09-21T17:52:47Z"
    message: the initial names have been accepted
    reason: InitialNamesAccepted
    status: "True"
    type: Established
  storedVersions:
  - v1alpha3
padmin@jjvm006:~/CODE/kubevirt$ kubectl get customresourcedefinitions virtualmachineinstancepresets.kubevirt.io -o yaml
apiVersion: apiextensions.k8s.io/v1
kind: CustomResourceDefinition
metadata:
  annotations:
    kubevirt.io/install-strategy-identifier: 4f10d8a1712324b71d0ff3612f097563b4912e51
    kubevirt.io/install-strategy-registry: index.docker.io/kubevirt
    kubevirt.io/install-strategy-version: v0.33.0
  creationTimestamp: "2020-09-21T17:52:47Z"
  generation: 1
  labels:
    app.kubernetes.io/component: kubevirt
    app.kubernetes.io/managed-by: kubevirt-operator
    kubevirt.io: ""
  managedFields:
  - apiVersion: apiextensions.k8s.io/v1
    fieldsType: FieldsV1
    fieldsV1:
      f:status:
        f:acceptedNames:
          f:categories: {}
          f:kind: {}
          f:listKind: {}
          f:plural: {}
          f:shortNames: {}
          f:singular: {}
        f:conditions: {}
    manager: kube-apiserver
    operation: Update
    time: "2020-09-21T17:52:47Z"
  - apiVersion: apiextensions.k8s.io/v1beta1
    fieldsType: FieldsV1
    fieldsV1:
      f:metadata:
        f:annotations:
          .: {}
          f:kubevirt.io/install-strategy-identifier: {}
          f:kubevirt.io/install-strategy-registry: {}
          f:kubevirt.io/install-strategy-version: {}
        f:labels:
          .: {}
          f:app.kubernetes.io/component: {}
          f:app.kubernetes.io/managed-by: {}
          f:kubevirt.io: {}
      f:spec:
        f:conversion:
          .: {}
          f:strategy: {}
        f:group: {}
        f:names:
          f:categories: {}
          f:kind: {}
          f:listKind: {}
          f:plural: {}
          f:shortNames: {}
          f:singular: {}
        f:preserveUnknownFields: {}
        f:scope: {}
        f:version: {}
        f:versions: {}
      f:status:
        f:storedVersions: {}
    manager: virt-operator
    operation: Update
    time: "2020-09-21T17:52:47Z"
  name: virtualmachineinstancepresets.kubevirt.io
  resourceVersion: "789871"
  selfLink: /apis/apiextensions.k8s.io/v1/customresourcedefinitions/virtualmachineinstancepresets.kubevirt.io
  uid: aac6b148-c78d-40c5-b28e-a4ca6154dfcc
spec:
  conversion:
    strategy: None
  group: kubevirt.io
  names:
    categories:
    - all
    kind: VirtualMachineInstancePreset
    listKind: VirtualMachineInstancePresetList
    plural: virtualmachineinstancepresets
    shortNames:
    - vmipreset
    - vmipresets
    singular: virtualmachineinstancepreset
  preserveUnknownFields: true
  scope: Namespaced
  versions:
  - name: v1alpha3
    served: true
    storage: true
status:
  acceptedNames:
    categories:
    - all
    kind: VirtualMachineInstancePreset
    listKind: VirtualMachineInstancePresetList
    plural: virtualmachineinstancepresets
    shortNames:
    - vmipreset
    - vmipresets
    singular: virtualmachineinstancepreset
  conditions:
  - lastTransitionTime: "2020-09-21T17:52:47Z"
    message: no conflicts found
    reason: NoConflicts
    status: "True"
    type: NamesAccepted
  - lastTransitionTime: "2020-09-21T17:52:47Z"
    message: the initial names have been accepted
    reason: InitialNamesAccepted
    status: "True"
    type: Established
  storedVersions:
  - v1alpha3
padmin@jjvm006:~/CODE/kubevirt$ kubectl get customresourcedefinitions virtualmachineinstancemigrations.kubevirt.io -o yaml
apiVersion: apiextensions.k8s.io/v1
kind: CustomResourceDefinition
metadata:
  annotations:
    kubevirt.io/install-strategy-identifier: 4f10d8a1712324b71d0ff3612f097563b4912e51
    kubevirt.io/install-strategy-registry: index.docker.io/kubevirt
    kubevirt.io/install-strategy-version: v0.33.0
  creationTimestamp: "2020-09-21T17:52:47Z"
  generation: 1
  labels:
    app.kubernetes.io/component: kubevirt
    app.kubernetes.io/managed-by: kubevirt-operator
    kubevirt.io: ""
  managedFields:
  - apiVersion: apiextensions.k8s.io/v1beta1
    fieldsType: FieldsV1
    fieldsV1:
      f:metadata:
        f:annotations:
          .: {}
          f:kubevirt.io/install-strategy-identifier: {}
          f:kubevirt.io/install-strategy-registry: {}
          f:kubevirt.io/install-strategy-version: {}
        f:labels:
          .: {}
          f:app.kubernetes.io/component: {}
          f:app.kubernetes.io/managed-by: {}
          f:kubevirt.io: {}
      f:spec:
        f:conversion:
          .: {}
          f:strategy: {}
        f:group: {}
        f:names:
          f:categories: {}
          f:kind: {}
          f:listKind: {}
          f:plural: {}
          f:shortNames: {}
          f:singular: {}
        f:preserveUnknownFields: {}
        f:scope: {}
        f:subresources:
          .: {}
          f:status: {}
        f:version: {}
        f:versions: {}
      f:status:
        f:storedVersions: {}
    manager: virt-operator
    operation: Update
    time: "2020-09-21T17:52:47Z"
  - apiVersion: apiextensions.k8s.io/v1
    fieldsType: FieldsV1
    fieldsV1:
      f:status:
        f:acceptedNames:
          f:categories: {}
          f:kind: {}
          f:listKind: {}
          f:plural: {}
          f:shortNames: {}
          f:singular: {}
        f:conditions: {}
    manager: kube-apiserver
    operation: Update
    time: "2020-09-21T17:52:48Z"
  name: virtualmachineinstancemigrations.kubevirt.io
  resourceVersion: "789886"
  selfLink: /apis/apiextensions.k8s.io/v1/customresourcedefinitions/virtualmachineinstancemigrations.kubevirt.io
  uid: 8e623793-22c1-4586-9f01-99242973cd33
spec:
  conversion:
    strategy: None
  group: kubevirt.io
  names:
    categories:
    - all
    kind: VirtualMachineInstanceMigration
    listKind: VirtualMachineInstanceMigrationList
    plural: virtualmachineinstancemigrations
    shortNames:
    - vmim
    - vmims
    singular: virtualmachineinstancemigration
  preserveUnknownFields: true
  scope: Namespaced
  versions:
  - name: v1alpha3
    served: true
    storage: true
    subresources:
      status: {}
status:
  acceptedNames:
    categories:
    - all
    kind: VirtualMachineInstanceMigration
    listKind: VirtualMachineInstanceMigrationList
    plural: virtualmachineinstancemigrations
    shortNames:
    - vmim
    - vmims
    singular: virtualmachineinstancemigration
  conditions:
  - lastTransitionTime: "2020-09-21T17:52:47Z"
    message: no conflicts found
    reason: NoConflicts
    status: "True"
    type: NamesAccepted
  - lastTransitionTime: "2020-09-21T17:52:48Z"
    message: the initial names have been accepted
    reason: InitialNamesAccepted
    status: "True"
    type: Established
  storedVersions:
  - v1alpha3
padmin@jjvm006:~/CODE/kubevirt$ kubectl get customresourcedefinitions virtualmachinesnapshots.kubevirt.io -o yaml
Error from server (NotFound): customresourcedefinitions.apiextensions.k8s.io "virtualmachinesnapshots.kubevirt.io" not found
padmin@jjvm006:~/CODE/kubevirt$ kubectl get customresourcedefinitions virtualmachinesnapshots.snapshot.kubevirt.io -o yaml
apiVersion: apiextensions.k8s.io/v1
kind: CustomResourceDefinition
metadata:
  annotations:
    kubevirt.io/install-strategy-identifier: 4f10d8a1712324b71d0ff3612f097563b4912e51
    kubevirt.io/install-strategy-registry: index.docker.io/kubevirt
    kubevirt.io/install-strategy-version: v0.33.0
  creationTimestamp: "2020-09-21T17:52:47Z"
  generation: 1
  labels:
    app.kubernetes.io/component: kubevirt
    app.kubernetes.io/managed-by: kubevirt-operator
    kubevirt.io: ""
  managedFields:
  - apiVersion: apiextensions.k8s.io/v1beta1
    fieldsType: FieldsV1
    fieldsV1:
      f:metadata:
        f:annotations:
          .: {}
          f:kubevirt.io/install-strategy-identifier: {}
          f:kubevirt.io/install-strategy-registry: {}
          f:kubevirt.io/install-strategy-version: {}
        f:labels:
          .: {}
          f:app.kubernetes.io/component: {}
          f:app.kubernetes.io/managed-by: {}
          f:kubevirt.io: {}
      f:spec:
        f:additionalPrinterColumns: {}
        f:conversion:
          .: {}
          f:strategy: {}
        f:group: {}
        f:names:
          f:categories: {}
          f:kind: {}
          f:listKind: {}
          f:plural: {}
          f:shortNames: {}
          f:singular: {}
        f:preserveUnknownFields: {}
        f:scope: {}
        f:version: {}
        f:versions: {}
      f:status:
        f:storedVersions: {}
    manager: virt-operator
    operation: Update
    time: "2020-09-21T17:52:47Z"
  - apiVersion: apiextensions.k8s.io/v1
    fieldsType: FieldsV1
    fieldsV1:
      f:status:
        f:acceptedNames:
          f:categories: {}
          f:kind: {}
          f:listKind: {}
          f:plural: {}
          f:shortNames: {}
          f:singular: {}
        f:conditions: {}
    manager: kube-apiserver
    operation: Update
    time: "2020-09-21T17:52:48Z"
  name: virtualmachinesnapshots.snapshot.kubevirt.io
  resourceVersion: "789889"
  selfLink: /apis/apiextensions.k8s.io/v1/customresourcedefinitions/virtualmachinesnapshots.snapshot.kubevirt.io
  uid: a08b7fb9-495d-4f07-8f9e-804f673fb514
spec:
  conversion:
    strategy: None
  group: snapshot.kubevirt.io
  names:
    categories:
    - all
    kind: VirtualMachineSnapshot
    listKind: VirtualMachineSnapshotList
    plural: virtualmachinesnapshots
    shortNames:
    - vmsnapshot
    - vmsnapshots
    singular: virtualmachinesnapshot
  preserveUnknownFields: true
  scope: Namespaced
  versions:
  - additionalPrinterColumns:
    - jsonPath: .spec.source.kind
      name: SourceKind
      type: string
    - jsonPath: .spec.source.name
      name: SourceName
      type: string
    - jsonPath: .status.readyToUse
      name: ReadyToUse
      type: boolean
    - jsonPath: .status.creationTime
      name: CreationTime
      type: date
    - jsonPath: .status.error.message
      name: Error
      type: string
    name: v1alpha1
    served: true
    storage: true
status:
  acceptedNames:
    categories:
    - all
    kind: VirtualMachineSnapshot
    listKind: VirtualMachineSnapshotList
    plural: virtualmachinesnapshots
    shortNames:
    - vmsnapshot
    - vmsnapshots
    singular: virtualmachinesnapshot
  conditions:
  - lastTransitionTime: "2020-09-21T17:52:48Z"
    message: no conflicts found
    reason: NoConflicts
    status: "True"
    type: NamesAccepted
  - lastTransitionTime: "2020-09-21T17:52:48Z"
    message: the initial names have been accepted
    reason: InitialNamesAccepted
    status: "True"
    type: Established
  storedVersions:
  - v1alpha1
padmin@jjvm006:~/CODE/kubevirt$ kubectl get customresourcedefinitions virtualmachinesnapshotcontents.snapshot.kubevirt.io -o yaml
apiVersion: apiextensions.k8s.io/v1
kind: CustomResourceDefinition
metadata:
  annotations:
    kubevirt.io/install-strategy-identifier: 4f10d8a1712324b71d0ff3612f097563b4912e51
    kubevirt.io/install-strategy-registry: index.docker.io/kubevirt
    kubevirt.io/install-strategy-version: v0.33.0
  creationTimestamp: "2020-09-21T17:52:47Z"
  generation: 1
  labels:
    app.kubernetes.io/component: kubevirt
    app.kubernetes.io/managed-by: kubevirt-operator
    kubevirt.io: ""
  managedFields:
  - apiVersion: apiextensions.k8s.io/v1beta1
    fieldsType: FieldsV1
    fieldsV1:
      f:metadata:
        f:annotations:
          .: {}
          f:kubevirt.io/install-strategy-identifier: {}
          f:kubevirt.io/install-strategy-registry: {}
          f:kubevirt.io/install-strategy-version: {}
        f:labels:
          .: {}
          f:app.kubernetes.io/component: {}
          f:app.kubernetes.io/managed-by: {}
          f:kubevirt.io: {}
      f:spec:
        f:additionalPrinterColumns: {}
        f:conversion:
          .: {}
          f:strategy: {}
        f:group: {}
        f:names:
          f:categories: {}
          f:kind: {}
          f:listKind: {}
          f:plural: {}
          f:shortNames: {}
          f:singular: {}
        f:preserveUnknownFields: {}
        f:scope: {}
        f:version: {}
        f:versions: {}
      f:status:
        f:storedVersions: {}
    manager: virt-operator
    operation: Update
    time: "2020-09-21T17:52:47Z"
  - apiVersion: apiextensions.k8s.io/v1
    fieldsType: FieldsV1
    fieldsV1:
      f:status:
        f:acceptedNames:
          f:categories: {}
          f:kind: {}
          f:listKind: {}
          f:plural: {}
          f:shortNames: {}
          f:singular: {}
        f:conditions: {}
    manager: kube-apiserver
    operation: Update
    time: "2020-09-21T17:52:48Z"
  name: virtualmachinesnapshotcontents.snapshot.kubevirt.io
  resourceVersion: "789892"
  selfLink: /apis/apiextensions.k8s.io/v1/customresourcedefinitions/virtualmachinesnapshotcontents.snapshot.kubevirt.io
  uid: 3a4fb923-3695-455d-abd6-78396b2d0cb1
spec:
  conversion:
    strategy: None
  group: snapshot.kubevirt.io
  names:
    categories:
    - all
    kind: VirtualMachineSnapshotContent
    listKind: VirtualMachineSnapshotContentList
    plural: virtualmachinesnapshotcontents
    shortNames:
    - vmsnapshotcontent
    - vmsnapshotcontents
    singular: virtualmachinesnapshotcontent
  preserveUnknownFields: true
  scope: Namespaced
  versions:
  - additionalPrinterColumns:
    - jsonPath: .status.readyToUse
      name: ReadyToUse
      type: boolean
    - jsonPath: .status.creationTime
      name: CreationTime
      type: date
    - jsonPath: .status.error.message
      name: Error
      type: string
    name: v1alpha1
    served: true
    storage: true
status:
  acceptedNames:
    categories:
    - all
    kind: VirtualMachineSnapshotContent
    listKind: VirtualMachineSnapshotContentList
    plural: virtualmachinesnapshotcontents
    shortNames:
    - vmsnapshotcontent
    - vmsnapshotcontents
    singular: virtualmachinesnapshotcontent
  conditions:
  - lastTransitionTime: "2020-09-21T17:52:48Z"
    message: no conflicts found
    reason: NoConflicts
    status: "True"
    type: NamesAccepted
  - lastTransitionTime: "2020-09-21T17:52:48Z"
    message: the initial names have been accepted
    reason: InitialNamesAccepted
    status: "True"
    type: Established
  storedVersions:
  - v1alpha1

