https://github.com/kubevirt/kubevirt/pull/3710/files

BUILD.bazel:
	microlivecd-container-disk-demo

	[root@viose2 var]# tree ./lib/docker/volumes/k8s-1.18-registry/_data/docker/registry/v2/repositories/kubevirt/microlivecd-container-disk-demo
	./lib/docker/volumes/k8s-1.18-registry/_data/docker/registry/v2/repositories/kubevirt/microlivecd-container-disk-demo
	├── _layers
	│   └── sha256
	│       ├── 8252b7249db1a531be27016ec8b705cd5107f878a4ed61d8991a6bee46309817
	│       │   └── link
	│       └── f3220a32cccb511cef9660ed5c07df422ba215b6136eabbd578ea700cdc065af
	│           └── link
	├── _manifests
	│   ├── revisions
	│   │   └── sha256
	│   │       └── 9ccde831dc1ddcc37c9a181a7e299fac9f59e8a53bf8b2b1f0846962a919328a
	│   │           └── link
	│   └── tags
	│       ├── devel
	│       │   ├── current
	│       │   │   └── link
	│       │   └── index
	│       │       └── sha256
	│       │           └── 9ccde831dc1ddcc37c9a181a7e299fac9f59e8a53bf8b2b1f0846962a919328a
	│       │               └── link
	│       └── devel_alt
	│           ├── current
	│           │   └── link
	│           └── index
	│               └── sha256
	│                   └── 9ccde831dc1ddcc37c9a181a7e299fac9f59e8a53bf8b2b1f0846962a919328a
	│                       └── link
	└── _uploads

	20 directories, 7 files
	[root@viose2 var]# 

