[root@viose2 kubevirt]# ./cluster-up/kubectl.sh get pods -A
NAMESPACE     NAME                                       READY   STATUS    RESTARTS   AGE
cdi           cdi-apiserver-7f9f69d94-hhnvk              1/1     Running   0          40m
cdi           cdi-deployment-5db9685f6b-pvm58            1/1     Running   0          40m
cdi           cdi-operator-786b5fcf65-jmddm              1/1     Running   1          40m
cdi           cdi-uploadproxy-77b87dbf7c-gbfj8           1/1     Running   0          40m
default       local-volume-provisioner-sg5wc             1/1     Running   0          161m
kube-system   calico-kube-controllers-79d5b9df9f-jmb9g   1/1     Running   0          161m
kube-system   calico-node-bc5bt                          1/1     Running   0          161m
kube-system   coredns-5467dd7dc9-hcmhj                   1/1     Running   0          161m
kube-system   coredns-5467dd7dc9-lfx65                   1/1     Running   0          161m
kube-system   etcd-node01                                1/1     Running   0          161m
kube-system   kube-apiserver-node01                      1/1     Running   0          161m
kube-system   kube-controller-manager-node01             1/1     Running   2          161m
kube-system   kube-proxy-wgmhr                           1/1     Running   1          161m
kube-system   kube-scheduler-node01                      1/1     Running   2          161m
kubevirt      cdi-http-import-server-54b6fd5dd5-ksdxh    1/1     Running   0          40m
kubevirt      disks-images-provider-9t4d8                1/1     Running   0          40m
kubevirt      virt-api-75d9757c87-hhf5v                  1/1     Running   0          76s
kubevirt      virt-api-75d9757c87-qw5vc                  1/1     Running   0          76s
kubevirt      virt-controller-b4875788c-l9lxk            1/1     Running   0          54s
kubevirt      virt-controller-b4875788c-rvzcn            1/1     Running   0          54s
kubevirt      virt-handler-7zph9                         1/1     Running   0          54s
kubevirt      virt-operator-57f5ccdb55-4tjw8             1/1     Running   0          40m
kubevirt      virt-operator-57f5ccdb55-tnhhq             1/1     Running   1          40m
[root@viose2 kubevirt]# ./cluster-up/kubectl.sh api-resources
NAME                                SHORTNAMES                             APIGROUP                       NAMESPACED   KIND
bindings                                                                                                  true         Binding
componentstatuses                   cs                                                                    false        ComponentStatus
configmaps                          cm                                                                    true         ConfigMap
endpoints                           ep                                                                    true         Endpoints
events                              ev                                                                    true         Event
limitranges                         limits                                                                true         LimitRange
namespaces                          ns                                                                    false        Namespace
nodes                               no                                                                    false        Node
persistentvolumeclaims              pvc                                                                   true         PersistentVolumeClaim
persistentvolumes                   pv                                                                    false        PersistentVolume
pods                                po                                                                    true         Pod
podtemplates                                                                                              true         PodTemplate
replicationcontrollers              rc                                                                    true         ReplicationController
resourcequotas                      quota                                                                 true         ResourceQuota
secrets                                                                                                   true         Secret
serviceaccounts                     sa                                                                    true         ServiceAccount
services                            svc                                                                   true         Service
mutatingwebhookconfigurations                                              admissionregistration.k8s.io   false        MutatingWebhookConfiguration
validatingwebhookconfigurations                                            admissionregistration.k8s.io   false        ValidatingWebhookConfiguration
customresourcedefinitions           crd,crds                               apiextensions.k8s.io           false        CustomResourceDefinition
apiservices                                                                apiregistration.k8s.io         false        APIService
controllerrevisions                                                        apps                           true         ControllerRevision
daemonsets                          ds                                     apps                           true         DaemonSet
deployments                         deploy                                 apps                           true         Deployment
replicasets                         rs                                     apps                           true         ReplicaSet
statefulsets                        sts                                    apps                           true         StatefulSet
tokenreviews                                                               authentication.k8s.io          false        TokenReview
localsubjectaccessreviews                                                  authorization.k8s.io           true         LocalSubjectAccessReview
selfsubjectaccessreviews                                                   authorization.k8s.io           false        SelfSubjectAccessReview
selfsubjectrulesreviews                                                    authorization.k8s.io           false        SelfSubjectRulesReview
subjectaccessreviews                                                       authorization.k8s.io           false        SubjectAccessReview
horizontalpodautoscalers            hpa                                    autoscaling                    true         HorizontalPodAutoscaler
cronjobs                            cj                                     batch                          true         CronJob
jobs                                                                       batch                          true         Job
cdiconfigs                                                                 cdi.kubevirt.io                false        CDIConfig
cdis                                cdi,cdis                               cdi.kubevirt.io                false        CDI
datavolumes                         dv,dvs                                 cdi.kubevirt.io                true         DataVolume
certificatesigningrequests          csr                                    certificates.k8s.io            false        CertificateSigningRequest
leases                                                                     coordination.k8s.io            true         Lease
bgpconfigurations                                                          crd.projectcalico.org          false        BGPConfiguration
bgppeers                                                                   crd.projectcalico.org          false        BGPPeer
blockaffinities                                                            crd.projectcalico.org          false        BlockAffinity
clusterinformations                                                        crd.projectcalico.org          false        ClusterInformation
felixconfigurations                                                        crd.projectcalico.org          false        FelixConfiguration
globalnetworkpolicies                                                      crd.projectcalico.org          false        GlobalNetworkPolicy
globalnetworksets                                                          crd.projectcalico.org          false        GlobalNetworkSet
hostendpoints                                                              crd.projectcalico.org          false        HostEndpoint
ipamblocks                                                                 crd.projectcalico.org          false        IPAMBlock
ipamconfigs                                                                crd.projectcalico.org          false        IPAMConfig
ipamhandles                                                                crd.projectcalico.org          false        IPAMHandle
ippools                                                                    crd.projectcalico.org          false        IPPool
kubecontrollersconfigurations                                              crd.projectcalico.org          false        KubeControllersConfiguration
networkpolicies                                                            crd.projectcalico.org          true         NetworkPolicy
networksets                                                                crd.projectcalico.org          true         NetworkSet
endpointslices                                                             discovery.k8s.io               true         EndpointSlice
events                              ev                                     events.k8s.io                  true         Event
ingresses                           ing                                    extensions                     true         Ingress
kubevirts                           kv,kvs                                 kubevirt.io                    true         KubeVirt
virtualmachineinstancemigrations    vmim,vmims                             kubevirt.io                    true         VirtualMachineInstanceMigration
virtualmachineinstancepresets       vmipreset,vmipresets                   kubevirt.io                    true         VirtualMachineInstancePreset
virtualmachineinstancereplicasets   vmirs,vmirss                           kubevirt.io                    true         VirtualMachineInstanceReplicaSet
virtualmachineinstances             vmi,vmis                               kubevirt.io                    true         VirtualMachineInstance
virtualmachines                     vm,vms                                 kubevirt.io                    true         VirtualMachine
ingressclasses                                                             networking.k8s.io              false        IngressClass
ingresses                           ing                                    networking.k8s.io              true         Ingress
networkpolicies                     netpol                                 networking.k8s.io              true         NetworkPolicy
runtimeclasses                                                             node.k8s.io                    false        RuntimeClass
poddisruptionbudgets                pdb                                    policy                         true         PodDisruptionBudget
podsecuritypolicies                 psp                                    policy                         false        PodSecurityPolicy
clusterrolebindings                                                        rbac.authorization.k8s.io      false        ClusterRoleBinding
clusterroles                                                               rbac.authorization.k8s.io      false        ClusterRole
rolebindings                                                               rbac.authorization.k8s.io      true         RoleBinding
roles                                                                      rbac.authorization.k8s.io      true         Role
priorityclasses                     pc                                     scheduling.k8s.io              false        PriorityClass
virtualmachinerestores              vmrestore,vmrestores                   snapshot.kubevirt.io           true         VirtualMachineRestore
virtualmachinesnapshotcontents      vmsnapshotcontent,vmsnapshotcontents   snapshot.kubevirt.io           true         VirtualMachineSnapshotContent
virtualmachinesnapshots             vmsnapshot,vmsnapshots                 snapshot.kubevirt.io           true         VirtualMachineSnapshot
csidrivers                                                                 storage.k8s.io                 false        CSIDriver
csinodes                                                                   storage.k8s.io                 false        CSINode
storageclasses                      sc                                     storage.k8s.io                 false        StorageClass
volumeattachments                                                          storage.k8s.io                 false        VolumeAttachment
uploadtokenrequests                 utr,utrs                               upload.cdi.kubevirt.io         true         UploadTokenRequest

