{"component":"virt-handler","hostname":"node01","level":"info","pos":"virt-handler.go:171","timestamp":"2020-11-05T06:37:07.454105Z"}
{"component":"virt-handler","level":"info","msg":"Starting collector: node name=node01","pos":"prometheus.go:506","timestamp":"2020-11-05T06:37:07.689856Z"}
{"component":"virt-handler","level":"info","msg":"STARTING informer CRDInformer","pos":"virtinformers.go:251","timestamp":"2020-11-05T06:37:07.689972Z"}
{"component":"virt-handler","level":"info","msg":"STARTING informer kubeVirtInformer","pos":"virtinformers.go:251","timestamp":"2020-11-05T06:37:07.690034Z"}
{"component":"virt-handler","level":"info","msg":"STARTING informer extensionsKubeVirtCAConfigMapInformer","pos":"virtinformers.go:251","timestamp":"2020-11-05T06:37:07.690099Z"}
{"component":"virt-handler","level":"info","msg":"STARTING informer vmiInformer","pos":"virtinformers.go:251","timestamp":"2020-11-05T06:37:07.690170Z"}
{"component":"virt-handler","level":"info","msg":"STARTING informer configMapInformer","pos":"virtinformers.go:251","timestamp":"2020-11-05T06:37:07.690194Z"}
{"component":"virt-handler","level":"info","msg":"certificate with common name 'kubevirt.io:system:client:virt-handler' retrieved.","pos":"cert-manager.go:196","timestamp":"2020-11-05T06:37:07.691209Z"}
{"component":"virt-handler","level":"info","msg":"metrics: max concurrent requests=3","pos":"virt-handler.go:380","timestamp":"2020-11-05T06:37:07.695699Z"}
{"component":"virt-handler","level":"info","msg":"certificate with common name 'kubevirt.io:system:node:virt-handler' retrieved.","pos":"cert-manager.go:196","timestamp":"2020-11-05T06:37:07.698150Z"}
{"component":"virt-handler","level":"info","msg":"Updating cluster config from KubeVirt to resource version '3211'","pos":"config-map.go:472","timestamp":"2020-11-05T06:37:07.763205Z"}
{"component":"virt-handler","level":"info","msg":"SELinux is reported as 'enforcing'","pos":"virt-handler.go:345","timestamp":"2020-11-05T06:37:07.930513Z"}
{"component":"virt-handler","level":"info","msg":"Updating cluster config from KubeVirt to resource version '3758'","pos":"config-map.go:472","timestamp":"2020-11-05T06:37:12.382816Z"}
{"component":"virt-handler","level":"info","msg":"Starting virt-handler controller.","pos":"vm.go:881","timestamp":"2020-11-05T06:38:32.494756Z"}
{"component":"virt-handler","level":"info","msg":"Starting device plugin controller","pos":"device_controller.go:92","timestamp":"2020-11-05T06:38:32.599483Z"}
{"component":"virt-handler","level":"info","msg":"kvm device plugin started","pos":"generic_device.go:176","timestamp":"2020-11-05T06:38:32.701485Z"}
{"component":"virt-handler","level":"info","msg":"device '/dev/kvm' is present.","pos":"generic_device.go:310","timestamp":"2020-11-05T06:38:32.702384Z"}
{"component":"virt-handler","level":"info","msg":"tun device plugin started","pos":"generic_device.go:176","timestamp":"2020-11-05T06:38:32.919645Z"}
{"component":"virt-handler","level":"info","msg":"device '/dev/net/tun' is present.","pos":"generic_device.go:310","timestamp":"2020-11-05T06:38:32.919894Z"}
{"component":"virt-handler","level":"info","msg":"vhost-net device plugin started","pos":"generic_device.go:176","timestamp":"2020-11-05T06:38:33.341656Z"}
{"component":"virt-handler","level":"info","msg":"device '/dev/vhost-net' is present.","pos":"generic_device.go:310","timestamp":"2020-11-05T06:38:33.341853Z"}
{"component":"virt-handler","level":"info","msg":"resyncing virt-launcher domains","pos":"cache.go:385","timestamp":"2020-11-05T06:43:32.503237Z"}
{"component":"virt-handler","level":"info","msg":"Processing event default/vmi-secureboot","pos":"vm.go:1201","timestamp":"2020-11-05T06:45:45.390743Z"}
{"component":"virt-handler","kind":"","level":"info","msg":"VMI is in phase: Scheduled\n","name":"vmi-secureboot","namespace":"default","pos":"vm.go:1203","timestamp":"2020-11-05T06:45:45.390850Z","uid":"85bb3529-66c8-4b40-aff2-b10eeb9b7f54"}
{"component":"virt-handler","level":"info","msg":"Domain does not exist","pos":"vm.go:1210","timestamp":"2020-11-05T06:45:45.390885Z"}
{"component":"virt-handler","level":"info","msg":"Processing event default/vmi-secureboot","pos":"vm.go:1201","timestamp":"2020-11-05T06:45:45.513830Z"}
{"component":"virt-handler","kind":"","level":"info","msg":"VMI is in phase: Scheduled\n","name":"vmi-secureboot","namespace":"default","pos":"vm.go:1203","timestamp":"2020-11-05T06:45:45.513877Z","uid":"85bb3529-66c8-4b40-aff2-b10eeb9b7f54"}
{"component":"virt-handler","level":"info","msg":"Domain does not exist","pos":"vm.go:1210","timestamp":"2020-11-05T06:45:45.513897Z"}
{"component":"virt-handler","level":"info","msg":"Processing event default/vmi-secureboot","pos":"vm.go:1201","timestamp":"2020-11-05T06:45:46.490649Z"}
{"component":"virt-handler","kind":"","level":"info","msg":"VMI is in phase: Scheduled\n","name":"vmi-secureboot","namespace":"default","pos":"vm.go:1203","timestamp":"2020-11-05T06:45:46.490771Z","uid":"85bb3529-66c8-4b40-aff2-b10eeb9b7f54"}
{"component":"virt-handler","level":"info","msg":"Domain does not exist","pos":"vm.go:1210","timestamp":"2020-11-05T06:45:46.490810Z"}
{"component":"virt-handler","kind":"","level":"info","msg":"Bind mounting container disk at /var/lib/docker/overlay2/34f769feb9af6861a20078ba26f84d9de560789cb68e4fe69accbc95c02ce650/merged/disk/downloaded to /var/lib/kubelet/pods/b88e9fe3-b37f-463b-8a66-72fdac59569b/volumes/kubernetes.io~empty-dir/container-disks/disk_0.img","name":"vmi-secureboot","namespace":"default","pos":"mount.go:248","timestamp":"2020-11-05T06:45:46.524945Z","uid":"85bb3529-66c8-4b40-aff2-b10eeb9b7f54"}
{"component":"virt-handler","level":"info","msg":"updated MAC for eth0 interface: old: 02:69:fc:51:cb:01 -\u003e new: 02:69:fc:fd:2d:98","pos":"common.go:323","timestamp":"2020-11-05T06:45:46.661150Z"}
{"component":"virt-handler","level":"info","msg":"Created tap device: tap0 in PID: 16914","pos":"common.go:388","timestamp":"2020-11-05T06:45:46.819602Z"}
{"component":"virt-handler","level":"info","msg":"Successfully configured tap device: tap0","pos":"common.go:489","timestamp":"2020-11-05T06:45:46.908608Z"}
{"component":"virt-handler","kind":"","level":"error","msg":"Synchronizing the VirtualMachineInstance failed.","name":"vmi-secureboot","namespace":"default","pos":"vm.go:1340","reason":"server error. command SyncVMI failed: \"missing OVMF bootloader\"","timestamp":"2020-11-05T06:45:46.944653Z","uid":"85bb3529-66c8-4b40-aff2-b10eeb9b7f54"}
{"component":"virt-handler","level":"info","msg":"re-enqueuing VirtualMachineInstance default/vmi-secureboot","pos":"vm.go:929","reason":"mismatch of Secure Boot setting and bootloaders: server error. command SyncVMI failed: \"missing OVMF bootloader\"","timestamp":"2020-11-05T06:45:46.944885Z"}
{"component":"virt-handler","level":"info","msg":"Processing event default/vmi-secureboot","pos":"vm.go:1201","timestamp":"2020-11-05T06:45:46.950695Z"}
{"component":"virt-handler","kind":"","level":"info","msg":"VMI is in phase: Scheduled\n","name":"vmi-secureboot","namespace":"default","pos":"vm.go:1203","timestamp":"2020-11-05T06:45:46.950732Z","uid":"85bb3529-66c8-4b40-aff2-b10eeb9b7f54"}
{"component":"virt-handler","level":"info","msg":"Domain does not exist","pos":"vm.go:1210","timestamp":"2020-11-05T06:45:46.950751Z"}
{"component":"virt-handler","kind":"","level":"error","msg":"Synchronizing the VirtualMachineInstance failed.","name":"vmi-secureboot","namespace":"default","pos":"vm.go:1340","reason":"server error. command SyncVMI failed: \"missing OVMF bootloader\"","timestamp":"2020-11-05T06:45:47.003586Z","uid":"85bb3529-66c8-4b40-aff2-b10eeb9b7f54"}
{"component":"virt-handler","level":"info","msg":"re-enqueuing VirtualMachineInstance default/vmi-secureboot","pos":"vm.go:929","reason":"mismatch of Secure Boot setting and bootloaders: server error. command SyncVMI failed: \"missing OVMF bootloader\"","timestamp":"2020-11-05T06:45:47.003666Z"}
{"component":"virt-handler","level":"info","msg":"Processing event default/vmi-secureboot","pos":"vm.go:1201","timestamp":"2020-11-05T06:45:47.017461Z"}
{"component":"virt-handler","kind":"","level":"info","msg":"VMI is in phase: Scheduled\n","name":"vmi-secureboot","namespace":"default","pos":"vm.go:1203","timestamp":"2020-11-05T06:45:47.017522Z","uid":"85bb3529-66c8-4b40-aff2-b10eeb9b7f54"}
{"component":"virt-handler","level":"info","msg":"Domain does not exist","pos":"vm.go:1210","timestamp":"2020-11-05T06:45:47.017547Z"}
{"component":"virt-handler","kind":"","level":"error","msg":"Synchronizing the VirtualMachineInstance failed.","name":"vmi-secureboot","namespace":"default","pos":"vm.go:1340","reason":"server error. command SyncVMI failed: \"missing OVMF bootloader\"","timestamp":"2020-11-05T06:45:47.080700Z","uid":"85bb3529-66c8-4b40-aff2-b10eeb9b7f54"}
{"component":"virt-handler","level":"info","msg":"re-enqueuing VirtualMachineInstance default/vmi-secureboot","pos":"vm.go:929","reason":"mismatch of Secure Boot setting and bootloaders: server error. command SyncVMI failed: \"missing OVMF bootloader\"","timestamp":"2020-11-05T06:45:47.080821Z"}
{"component":"virt-handler","level":"info","msg":"Processing event default/vmi-secureboot","pos":"vm.go:1201","timestamp":"2020-11-05T06:45:47.102810Z"}
{"component":"virt-handler","kind":"","level":"info","msg":"VMI is in phase: Scheduled\n","name":"vmi-secureboot","namespace":"default","pos":"vm.go:1203","timestamp":"2020-11-05T06:45:47.102861Z","uid":"85bb3529-66c8-4b40-aff2-b10eeb9b7f54"}
{"component":"virt-handler","level":"info","msg":"Domain does not exist","pos":"vm.go:1210","timestamp":"2020-11-05T06:45:47.102897Z"}
{"component":"virt-handler","kind":"","level":"error","msg":"Synchronizing the VirtualMachineInstance failed.","name":"vmi-secureboot","namespace":"default","pos":"vm.go:1340","reason":"server error. command SyncVMI failed: \"missing OVMF bootloader\"","timestamp":"2020-11-05T06:45:47.181552Z","uid":"85bb3529-66c8-4b40-aff2-b10eeb9b7f54"}
{"component":"virt-handler","level":"info","msg":"re-enqueuing VirtualMachineInstance default/vmi-secureboot","pos":"vm.go:929","reason":"mismatch of Secure Boot setting and bootloaders: server error. command SyncVMI failed: \"missing OVMF bootloader\"","timestamp":"2020-11-05T06:45:47.181686Z"}
{"component":"virt-handler","level":"info","msg":"Processing event default/vmi-secureboot","pos":"vm.go:1201","timestamp":"2020-11-05T06:45:47.223602Z"}
{"component":"virt-handler","kind":"","level":"info","msg":"VMI is in phase: Scheduled\n","name":"vmi-secureboot","namespace":"default","pos":"vm.go:1203","timestamp":"2020-11-05T06:45:47.223764Z","uid":"85bb3529-66c8-4b40-aff2-b10eeb9b7f54"}
{"component":"virt-handler","level":"info","msg":"Domain does not exist","pos":"vm.go:1210","timestamp":"2020-11-05T06:45:47.223819Z"}
{"component":"virt-handler","kind":"","level":"error","msg":"Synchronizing the VirtualMachineInstance failed.","name":"vmi-secureboot","namespace":"default","pos":"vm.go:1340","reason":"server error. command SyncVMI failed: \"missing OVMF bootloader\"","timestamp":"2020-11-05T06:45:47.286225Z","uid":"85bb3529-66c8-4b40-aff2-b10eeb9b7f54"}
{"component":"virt-handler","level":"info","msg":"re-enqueuing VirtualMachineInstance default/vmi-secureboot","pos":"vm.go:929","reason":"mismatch of Secure Boot setting and bootloaders: server error. command SyncVMI failed: \"missing OVMF bootloader\"","timestamp":"2020-11-05T06:45:47.286530Z"}
{"component":"virt-handler","level":"info","msg":"Processing event default/vmi-secureboot","pos":"vm.go:1201","timestamp":"2020-11-05T06:45:47.367435Z"}
{"component":"virt-handler","kind":"","level":"info","msg":"VMI is in phase: Scheduled\n","name":"vmi-secureboot","namespace":"default","pos":"vm.go:1203","timestamp":"2020-11-05T06:45:47.367497Z","uid":"85bb3529-66c8-4b40-aff2-b10eeb9b7f54"}
{"component":"virt-handler","level":"info","msg":"Domain does not exist","pos":"vm.go:1210","timestamp":"2020-11-05T06:45:47.367519Z"}
{"component":"virt-handler","kind":"","level":"error","msg":"Synchronizing the VirtualMachineInstance failed.","name":"vmi-secureboot","namespace":"default","pos":"vm.go:1340","reason":"server error. command SyncVMI failed: \"missing OVMF bootloader\"","timestamp":"2020-11-05T06:45:47.420559Z","uid":"85bb3529-66c8-4b40-aff2-b10eeb9b7f54"}
{"component":"virt-handler","level":"info","msg":"re-enqueuing VirtualMachineInstance default/vmi-secureboot","pos":"vm.go:929","reason":"mismatch of Secure Boot setting and bootloaders: server error. command SyncVMI failed: \"missing OVMF bootloader\"","timestamp":"2020-11-05T06:45:47.420675Z"}
{"component":"virt-handler","level":"info","msg":"Processing event default/vmi-secureboot","pos":"vm.go:1201","timestamp":"2020-11-05T06:45:47.584776Z"}
{"component":"virt-handler","kind":"","level":"info","msg":"VMI is in phase: Scheduled\n","name":"vmi-secureboot","namespace":"default","pos":"vm.go:1203","timestamp":"2020-11-05T06:45:47.584860Z","uid":"85bb3529-66c8-4b40-aff2-b10eeb9b7f54"}
{"component":"virt-handler","level":"info","msg":"Domain does not exist","pos":"vm.go:1210","timestamp":"2020-11-05T06:45:47.584890Z"}
{"component":"virt-handler","kind":"","level":"error","msg":"Synchronizing the VirtualMachineInstance failed.","name":"vmi-secureboot","namespace":"default","pos":"vm.go:1340","reason":"server error. command SyncVMI failed: \"missing OVMF bootloader\"","timestamp":"2020-11-05T06:45:47.702655Z","uid":"85bb3529-66c8-4b40-aff2-b10eeb9b7f54"}
{"component":"virt-handler","level":"info","msg":"re-enqueuing VirtualMachineInstance default/vmi-secureboot","pos":"vm.go:929","reason":"mismatch of Secure Boot setting and bootloaders: server error. command SyncVMI failed: \"missing OVMF bootloader\"","timestamp":"2020-11-05T06:45:47.702729Z"}
{"component":"virt-handler","level":"info","msg":"Processing event default/vmi-secureboot","pos":"vm.go:1201","timestamp":"2020-11-05T06:45:48.024811Z"}
{"component":"virt-handler","kind":"","level":"info","msg":"VMI is in phase: Scheduled\n","name":"vmi-secureboot","namespace":"default","pos":"vm.go:1203","timestamp":"2020-11-05T06:45:48.024909Z","uid":"85bb3529-66c8-4b40-aff2-b10eeb9b7f54"}
{"component":"virt-handler","level":"info","msg":"Domain does not exist","pos":"vm.go:1210","timestamp":"2020-11-05T06:45:48.024931Z"}
{"component":"virt-handler","kind":"","level":"error","msg":"Synchronizing the VirtualMachineInstance failed.","name":"vmi-secureboot","namespace":"default","pos":"vm.go:1340","reason":"server error. command SyncVMI failed: \"missing OVMF bootloader\"","timestamp":"2020-11-05T06:45:48.084542Z","uid":"85bb3529-66c8-4b40-aff2-b10eeb9b7f54"}
{"component":"virt-handler","level":"info","msg":"re-enqueuing VirtualMachineInstance default/vmi-secureboot","pos":"vm.go:929","reason":"mismatch of Secure Boot setting and bootloaders: server error. command SyncVMI failed: \"missing OVMF bootloader\"","timestamp":"2020-11-05T06:45:48.084656Z"}
{"component":"virt-handler","level":"info","msg":"Processing event default/vmi-secureboot","pos":"vm.go:1201","timestamp":"2020-11-05T06:45:48.728946Z"}
{"component":"virt-handler","kind":"","level":"info","msg":"VMI is in phase: Scheduled\n","name":"vmi-secureboot","namespace":"default","pos":"vm.go:1203","timestamp":"2020-11-05T06:45:48.729165Z","uid":"85bb3529-66c8-4b40-aff2-b10eeb9b7f54"}
{"component":"virt-handler","level":"info","msg":"Domain does not exist","pos":"vm.go:1210","timestamp":"2020-11-05T06:45:48.729217Z"}
{"component":"virt-handler","kind":"","level":"error","msg":"Synchronizing the VirtualMachineInstance failed.","name":"vmi-secureboot","namespace":"default","pos":"vm.go:1340","reason":"server error. command SyncVMI failed: \"missing OVMF bootloader\"","timestamp":"2020-11-05T06:45:48.837216Z","uid":"85bb3529-66c8-4b40-aff2-b10eeb9b7f54"}
{"component":"virt-handler","level":"info","msg":"re-enqueuing VirtualMachineInstance default/vmi-secureboot","pos":"vm.go:929","reason":"mismatch of Secure Boot setting and bootloaders: server error. command SyncVMI failed: \"missing OVMF bootloader\"","timestamp":"2020-11-05T06:45:48.837416Z"}
{"component":"virt-handler","level":"info","msg":"Processing event default/vmi-secureboot","pos":"vm.go:1201","timestamp":"2020-11-05T06:45:50.118138Z"}
{"component":"virt-handler","kind":"","level":"info","msg":"VMI is in phase: Scheduled\n","name":"vmi-secureboot","namespace":"default","pos":"vm.go:1203","timestamp":"2020-11-05T06:45:50.118463Z","uid":"85bb3529-66c8-4b40-aff2-b10eeb9b7f54"}
{"component":"virt-handler","level":"info","msg":"Domain does not exist","pos":"vm.go:1210","timestamp":"2020-11-05T06:45:50.118520Z"}
{"component":"virt-handler","kind":"","level":"error","msg":"Synchronizing the VirtualMachineInstance failed.","name":"vmi-secureboot","namespace":"default","pos":"vm.go:1340","reason":"server error. command SyncVMI failed: \"missing OVMF bootloader\"","timestamp":"2020-11-05T06:45:50.184527Z","uid":"85bb3529-66c8-4b40-aff2-b10eeb9b7f54"}
{"component":"virt-handler","level":"info","msg":"re-enqueuing VirtualMachineInstance default/vmi-secureboot","pos":"vm.go:929","reason":"mismatch of Secure Boot setting and bootloaders: server error. command SyncVMI failed: \"missing OVMF bootloader\"","timestamp":"2020-11-05T06:45:50.184593Z"}
{"component":"virt-handler","level":"info","msg":"Processing event default/vmi-secureboot","pos":"vm.go:1201","timestamp":"2020-11-05T06:45:52.745698Z"}
{"component":"virt-handler","kind":"","level":"info","msg":"VMI is in phase: Scheduled\n","name":"vmi-secureboot","namespace":"default","pos":"vm.go:1203","timestamp":"2020-11-05T06:45:52.745826Z","uid":"85bb3529-66c8-4b40-aff2-b10eeb9b7f54"}
{"component":"virt-handler","level":"info","msg":"Domain does not exist","pos":"vm.go:1210","timestamp":"2020-11-05T06:45:52.745939Z"}
{"component":"virt-handler","kind":"","level":"error","msg":"Synchronizing the VirtualMachineInstance failed.","name":"vmi-secureboot","namespace":"default","pos":"vm.go:1340","reason":"server error. command SyncVMI failed: \"missing OVMF bootloader\"","timestamp":"2020-11-05T06:45:52.798219Z","uid":"85bb3529-66c8-4b40-aff2-b10eeb9b7f54"}
{"component":"virt-handler","level":"info","msg":"re-enqueuing VirtualMachineInstance default/vmi-secureboot","pos":"vm.go:929","reason":"mismatch of Secure Boot setting and bootloaders: server error. command SyncVMI failed: \"missing OVMF bootloader\"","timestamp":"2020-11-05T06:45:52.798477Z"}
{"component":"virt-handler","level":"info","msg":"Processing event default/vmi-secureboot","pos":"vm.go:1201","timestamp":"2020-11-05T06:45:57.918993Z"}
{"component":"virt-handler","kind":"","level":"info","msg":"VMI is in phase: Scheduled\n","name":"vmi-secureboot","namespace":"default","pos":"vm.go:1203","timestamp":"2020-11-05T06:45:57.919076Z","uid":"85bb3529-66c8-4b40-aff2-b10eeb9b7f54"}
{"component":"virt-handler","level":"info","msg":"Domain does not exist","pos":"vm.go:1210","timestamp":"2020-11-05T06:45:57.919101Z"}
{"component":"virt-handler","kind":"","level":"error","msg":"Synchronizing the VirtualMachineInstance failed.","name":"vmi-secureboot","namespace":"default","pos":"vm.go:1340","reason":"server error. command SyncVMI failed: \"missing OVMF bootloader\"","timestamp":"2020-11-05T06:45:58.007125Z","uid":"85bb3529-66c8-4b40-aff2-b10eeb9b7f54"}
{"component":"virt-handler","level":"info","msg":"re-enqueuing VirtualMachineInstance default/vmi-secureboot","pos":"vm.go:929","reason":"mismatch of Secure Boot setting and bootloaders: server error. command SyncVMI failed: \"missing OVMF bootloader\"","timestamp":"2020-11-05T06:45:58.007381Z"}
{"component":"virt-handler","level":"info","msg":"Processing event default/vmi-secureboot","pos":"vm.go:1201","timestamp":"2020-11-05T06:46:08.279684Z"}
{"component":"virt-handler","kind":"","level":"info","msg":"VMI is in phase: Scheduled\n","name":"vmi-secureboot","namespace":"default","pos":"vm.go:1203","timestamp":"2020-11-05T06:46:08.280057Z","uid":"85bb3529-66c8-4b40-aff2-b10eeb9b7f54"}
{"component":"virt-handler","level":"info","msg":"Domain does not exist","pos":"vm.go:1210","timestamp":"2020-11-05T06:46:08.280097Z"}
{"component":"virt-handler","kind":"","level":"error","msg":"Synchronizing the VirtualMachineInstance failed.","name":"vmi-secureboot","namespace":"default","pos":"vm.go:1340","reason":"server error. command SyncVMI failed: \"missing OVMF bootloader\"","timestamp":"2020-11-05T06:46:08.432407Z","uid":"85bb3529-66c8-4b40-aff2-b10eeb9b7f54"}
{"component":"virt-handler","level":"info","msg":"re-enqueuing VirtualMachineInstance default/vmi-secureboot","pos":"vm.go:929","reason":"mismatch of Secure Boot setting and bootloaders: server error. command SyncVMI failed: \"missing OVMF bootloader\"","timestamp":"2020-11-05T06:46:08.432552Z"}
{"component":"virt-handler","level":"info","msg":"Processing event default/vmi-secureboot","pos":"vm.go:1201","timestamp":"2020-11-05T06:46:28.919778Z"}
{"component":"virt-handler","kind":"","level":"info","msg":"VMI is in phase: Scheduled\n","name":"vmi-secureboot","namespace":"default","pos":"vm.go:1203","timestamp":"2020-11-05T06:46:28.919843Z","uid":"85bb3529-66c8-4b40-aff2-b10eeb9b7f54"}
{"component":"virt-handler","level":"info","msg":"Domain does not exist","pos":"vm.go:1210","timestamp":"2020-11-05T06:46:28.919877Z"}
{"component":"virt-handler","kind":"","level":"error","msg":"Synchronizing the VirtualMachineInstance failed.","name":"vmi-secureboot","namespace":"default","pos":"vm.go:1340","reason":"server error. command SyncVMI failed: \"missing OVMF bootloader\"","timestamp":"2020-11-05T06:46:29.069622Z","uid":"85bb3529-66c8-4b40-aff2-b10eeb9b7f54"}
{"component":"virt-handler","level":"info","msg":"re-enqueuing VirtualMachineInstance default/vmi-secureboot","pos":"vm.go:929","reason":"mismatch of Secure Boot setting and bootloaders: server error. command SyncVMI failed: \"missing OVMF bootloader\"","timestamp":"2020-11-05T06:46:29.069714Z"}
{"component":"virt-handler","level":"info","msg":"Processing event default/vmi-secureboot","pos":"vm.go:1201","timestamp":"2020-11-05T06:47:10.033496Z"}
{"component":"virt-handler","kind":"","level":"info","msg":"VMI is in phase: Scheduled\n","name":"vmi-secureboot","namespace":"default","pos":"vm.go:1203","timestamp":"2020-11-05T06:47:10.033582Z","uid":"85bb3529-66c8-4b40-aff2-b10eeb9b7f54"}
{"component":"virt-handler","level":"info","msg":"Domain does not exist","pos":"vm.go:1210","timestamp":"2020-11-05T06:47:10.033608Z"}
{"component":"virt-handler","kind":"","level":"error","msg":"Synchronizing the VirtualMachineInstance failed.","name":"vmi-secureboot","namespace":"default","pos":"vm.go:1340","reason":"server error. command SyncVMI failed: \"missing OVMF bootloader\"","timestamp":"2020-11-05T06:47:10.094140Z","uid":"85bb3529-66c8-4b40-aff2-b10eeb9b7f54"}
{"component":"virt-handler","level":"info","msg":"re-enqueuing VirtualMachineInstance default/vmi-secureboot","pos":"vm.go:929","reason":"mismatch of Secure Boot setting and bootloaders: server error. command SyncVMI failed: \"missing OVMF bootloader\"","timestamp":"2020-11-05T06:47:10.094212Z"}
{"component":"virt-handler","level":"info","msg":"Processing event default/vmi-secureboot","pos":"vm.go:1201","timestamp":"2020-11-05T06:48:32.014995Z"}
{"component":"virt-handler","kind":"","level":"info","msg":"VMI is in phase: Scheduled\n","name":"vmi-secureboot","namespace":"default","pos":"vm.go:1203","timestamp":"2020-11-05T06:48:32.015881Z","uid":"85bb3529-66c8-4b40-aff2-b10eeb9b7f54"}
{"component":"virt-handler","level":"info","msg":"Domain does not exist","pos":"vm.go:1210","timestamp":"2020-11-05T06:48:32.015946Z"}
{"component":"virt-handler","kind":"","level":"error","msg":"Synchronizing the VirtualMachineInstance failed.","name":"vmi-secureboot","namespace":"default","pos":"vm.go:1340","reason":"server error. command SyncVMI failed: \"missing OVMF bootloader\"","timestamp":"2020-11-05T06:48:32.089872Z","uid":"85bb3529-66c8-4b40-aff2-b10eeb9b7f54"}
{"component":"virt-handler","level":"info","msg":"re-enqueuing VirtualMachineInstance default/vmi-secureboot","pos":"vm.go:929","reason":"mismatch of Secure Boot setting and bootloaders: server error. command SyncVMI failed: \"missing OVMF bootloader\"","timestamp":"2020-11-05T06:48:32.089961Z"}
{"component":"virt-handler","level":"info","msg":"resyncing virt-launcher domains","pos":"cache.go:385","timestamp":"2020-11-05T06:48:32.502739Z"}
{"component":"virt-handler","level":"info","msg":"Processing event default/vmi-secureboot","pos":"vm.go:1201","timestamp":"2020-11-05T06:51:15.942850Z"}
{"component":"virt-handler","kind":"","level":"info","msg":"VMI is in phase: Scheduled\n","name":"vmi-secureboot","namespace":"default","pos":"vm.go:1203","timestamp":"2020-11-05T06:51:15.943111Z","uid":"85bb3529-66c8-4b40-aff2-b10eeb9b7f54"}
{"component":"virt-handler","level":"info","msg":"Domain does not exist","pos":"vm.go:1210","timestamp":"2020-11-05T06:51:15.943171Z"}
{"component":"virt-handler","level":"info","msg":"Processing event default/vmi-secureboot","pos":"vm.go:1201","timestamp":"2020-11-05T06:51:16.026845Z"}
{"component":"virt-handler","kind":"","level":"info","msg":"VMI is in phase: Failed\n","name":"vmi-secureboot","namespace":"default","pos":"vm.go:1203","timestamp":"2020-11-05T06:51:16.026944Z","uid":"85bb3529-66c8-4b40-aff2-b10eeb9b7f54"}
{"component":"virt-handler","level":"info","msg":"Domain does not exist","pos":"vm.go:1210","timestamp":"2020-11-05T06:51:16.026977Z"}
{"component":"virt-handler","kind":"","level":"info","msg":"Performing final local cleanup for vmi with uid 85bb3529-66c8-4b40-aff2-b10eeb9b7f54","name":"vmi-secureboot","namespace":"default","pos":"vm.go:1463","timestamp":"2020-11-05T06:51:16.027050Z","uid":"85bb3529-66c8-4b40-aff2-b10eeb9b7f54"}
{"component":"virt-handler","kind":"","level":"info","msg":"Found container disk mount entries","name":"vmi-secureboot","namespace":"default","pos":"mount.go:327","timestamp":"2020-11-05T06:51:16.027116Z","uid":"85bb3529-66c8-4b40-aff2-b10eeb9b7f54"}
{"component":"virt-handler","kind":"","level":"info","msg":"Looking to see if containerdisk is mounted at path /var/lib/kubelet/pods/b88e9fe3-b37f-463b-8a66-72fdac59569b/volumes/kubernetes.io~empty-dir/container-disks/disk_0.img","name":"vmi-secureboot","namespace":"default","pos":"mount.go:330","timestamp":"2020-11-05T06:51:16.027405Z","uid":"85bb3529-66c8-4b40-aff2-b10eeb9b7f54"}
{"component":"virt-handler","kind":"","level":"info","msg":"unmounting container disk at path /var/lib/kubelet/pods/b88e9fe3-b37f-463b-8a66-72fdac59569b/volumes/kubernetes.io~empty-dir/container-disks/disk_0.img","name":"vmi-secureboot","namespace":"default","pos":"mount.go:334","timestamp":"2020-11-05T06:51:16.029054Z","uid":"85bb3529-66c8-4b40-aff2-b10eeb9b7f54"}
{"component":"virt-handler","kind":"Domain","level":"info","msg":"Removing domain from cache during final cleanup","name":"vmi-secureboot","namespace":"default","pos":"vm.go:1493","timestamp":"2020-11-05T06:51:16.083853Z","uid":""}
{"component":"virt-handler","level":"info","msg":"resyncing virt-launcher domains","pos":"cache.go:385","timestamp":"2020-11-05T06:53:32.503927Z"}
{"component":"virt-handler","level":"info","msg":"resyncing virt-launcher domains","pos":"cache.go:385","timestamp":"2020-11-05T06:58:32.509049Z"}
{"component":"virt-handler","level":"info","msg":"resyncing virt-launcher domains","pos":"cache.go:385","timestamp":"2020-11-05T07:03:32.502798Z"}
{"component":"virt-handler","level":"info","msg":"resyncing virt-launcher domains","pos":"cache.go:385","timestamp":"2020-11-05T07:08:32.502790Z"}
{"component":"virt-handler","level":"info","msg":"resyncing virt-launcher domains","pos":"cache.go:385","timestamp":"2020-11-05T07:13:32.502919Z"}
