{"component":"virt-handler","hostname":"node01","level":"info","pos":"virt-handler.go:171","timestamp":"2020-11-03T21:23:36.833678Z"}
{"component":"virt-handler","level":"info","msg":"metrics: max concurrent requests=3","pos":"virt-handler.go:380","timestamp":"2020-11-03T21:23:37.452045Z"}
{"component":"virt-handler","level":"info","msg":"Starting collector: node name=node01","pos":"prometheus.go:506","timestamp":"2020-11-03T21:23:37.447631Z"}
{"component":"virt-handler","level":"info","msg":"certificate with common name 'kubevirt.io:system:client:virt-handler' retrieved.","pos":"cert-manager.go:196","timestamp":"2020-11-03T21:23:37.478444Z"}
{"component":"virt-handler","level":"info","msg":"certificate with common name 'kubevirt.io:system:node:virt-handler' retrieved.","pos":"cert-manager.go:196","timestamp":"2020-11-03T21:23:37.481296Z"}
{"component":"virt-handler","level":"info","msg":"STARTING informer kubeVirtInformer","pos":"virtinformers.go:251","timestamp":"2020-11-03T21:23:37.476917Z"}
{"component":"virt-handler","level":"info","msg":"STARTING informer extensionsKubeVirtCAConfigMapInformer","pos":"virtinformers.go:251","timestamp":"2020-11-03T21:23:37.516278Z"}
{"component":"virt-handler","level":"info","msg":"STARTING informer vmiInformer","pos":"virtinformers.go:251","timestamp":"2020-11-03T21:23:37.516324Z"}
{"component":"virt-handler","level":"info","msg":"STARTING informer configMapInformer","pos":"virtinformers.go:251","timestamp":"2020-11-03T21:23:37.516339Z"}
{"component":"virt-handler","level":"info","msg":"STARTING informer CRDInformer","pos":"virtinformers.go:251","timestamp":"2020-11-03T21:23:37.516350Z"}
{"component":"virt-handler","level":"info","msg":"Updating cluster config from KubeVirt to resource version '2362'","pos":"config-map.go:472","timestamp":"2020-11-03T21:23:37.714326Z"}
{"component":"virt-handler","level":"info","msg":"SELinux is reported as 'enforcing'","pos":"virt-handler.go:345","timestamp":"2020-11-03T21:23:38.145359Z"}
{"component":"virt-handler","level":"info","msg":"Updating cluster config from KubeVirt to resource version '2904'","pos":"config-map.go:472","timestamp":"2020-11-03T21:23:42.599724Z"}
{"component":"virt-handler","level":"info","msg":"Starting virt-handler controller.","pos":"vm.go:870","timestamp":"2020-11-03T21:25:07.277408Z"}
{"component":"virt-handler","level":"info","msg":"Starting device plugin controller","pos":"device_controller.go:92","timestamp":"2020-11-03T21:25:07.378673Z"}
{"component":"virt-handler","level":"info","msg":"kvm device plugin started","pos":"generic_device.go:176","timestamp":"2020-11-03T21:25:07.463431Z"}
{"component":"virt-handler","level":"info","msg":"device '/dev/kvm' is present.","pos":"generic_device.go:310","timestamp":"2020-11-03T21:25:07.464855Z"}
{"component":"virt-handler","level":"info","msg":"tun device plugin started","pos":"generic_device.go:176","timestamp":"2020-11-03T21:25:07.809068Z"}
{"component":"virt-handler","level":"info","msg":"device '/dev/net/tun' is present.","pos":"generic_device.go:310","timestamp":"2020-11-03T21:25:07.809180Z"}
{"component":"virt-handler","level":"info","msg":"vhost-net device plugin started","pos":"generic_device.go:176","timestamp":"2020-11-03T21:25:08.989598Z"}
{"component":"virt-handler","level":"info","msg":"device '/dev/vhost-net' is present.","pos":"generic_device.go:310","timestamp":"2020-11-03T21:25:08.989768Z"}
{"component":"virt-handler","level":"info","msg":"Processing event default/vmi-secureboot","pos":"vm.go:1190","timestamp":"2020-11-03T21:27:09.458187Z"}
{"component":"virt-handler","kind":"","level":"info","msg":"VMI is in phase: Scheduled\n","name":"vmi-secureboot","namespace":"default","pos":"vm.go:1192","timestamp":"2020-11-03T21:27:09.458713Z","uid":"93a090e7-efca-4181-aaee-549793940cf2"}
{"component":"virt-handler","level":"info","msg":"Domain does not exist","pos":"vm.go:1199","timestamp":"2020-11-03T21:27:09.458759Z"}
{"component":"virt-handler","kind":"","level":"info","msg":"Bind mounting container disk at /var/lib/docker/overlay2/55f5f6bd79a968d09a50ed8391a6f929037afde347d80c9d79d2038951f90097/merged/disk/downloaded to /var/lib/kubelet/pods/4642af82-dd47-4f04-a273-f09510b4be08/volumes/kubernetes.io~empty-dir/container-disks/disk_0.img","name":"vmi-secureboot","namespace":"default","pos":"mount.go:248","timestamp":"2020-11-03T21:27:09.488063Z","uid":"93a090e7-efca-4181-aaee-549793940cf2"}
{"component":"virt-handler","level":"info","msg":"updated MAC for eth0 interface: old: b6:18:f4:13:8a:35 -\u003e new: b6:18:f4:2c:ac:3c","pos":"common.go:323","timestamp":"2020-11-03T21:27:09.591903Z"}
{"component":"virt-handler","level":"info","msg":"Created tap device: tap0 in PID: 32071","pos":"common.go:388","timestamp":"2020-11-03T21:27:09.700135Z"}
{"component":"virt-handler","level":"info","msg":"Successfully configured tap device: tap0","pos":"common.go:489","timestamp":"2020-11-03T21:27:09.754433Z"}
{"component":"virt-handler","kind":"","level":"info","msg":"Accepted new notify pipe connection for vmi","name":"vmi-secureboot","namespace":"default","pos":"vm.go:243","timestamp":"2020-11-03T21:27:11.102064Z","uid":"93a090e7-efca-4181-aaee-549793940cf2"}
{"component":"virt-handler","kind":"Domain","level":"info","msg":"Received Domain Event of type ADDED","name":"vmi-secureboot","namespace":"default","pos":"server.go:78","timestamp":"2020-11-03T21:27:11.131080Z","uid":"93a090e7-efca-4181-aaee-549793940cf2"}
{"component":"virt-handler","kind":"Domain","level":"info","msg":"Domain is in state Shutoff reason Unknown","name":"vmi-secureboot","namespace":"default","pos":"vm.go:2164","timestamp":"2020-11-03T21:27:11.131437Z","uid":"93a090e7-efca-4181-aaee-549793940cf2"}
{"component":"virt-handler","kind":"Domain","level":"info","msg":"Received Domain Event of type MODIFIED","name":"vmi-secureboot","namespace":"default","pos":"server.go:78","timestamp":"2020-11-03T21:27:11.163962Z","uid":"93a090e7-efca-4181-aaee-549793940cf2"}
{"component":"virt-handler","kind":"Domain","level":"info","msg":"Received Domain Event of type MODIFIED","name":"vmi-secureboot","namespace":"default","pos":"server.go:78","timestamp":"2020-11-03T21:27:11.872049Z","uid":"93a090e7-efca-4181-aaee-549793940cf2"}
{"component":"virt-handler","kind":"Domain","level":"info","msg":"Domain is in state Paused reason StartingUp","name":"vmi-secureboot","namespace":"default","pos":"vm.go:2195","timestamp":"2020-11-03T21:27:11.872168Z","uid":"93a090e7-efca-4181-aaee-549793940cf2"}
{"component":"virt-handler","kind":"Domain","level":"info","msg":"Received Domain Event of type MODIFIED","name":"vmi-secureboot","namespace":"default","pos":"server.go:78","timestamp":"2020-11-03T21:27:13.427923Z","uid":"93a090e7-efca-4181-aaee-549793940cf2"}
{"component":"virt-handler","kind":"Domain","level":"info","msg":"Domain is in state Running reason Unknown","name":"vmi-secureboot","namespace":"default","pos":"vm.go:2195","timestamp":"2020-11-03T21:27:13.428371Z","uid":"93a090e7-efca-4181-aaee-549793940cf2"}
{"component":"virt-handler","kind":"Domain","level":"info","msg":"Received Domain Event of type MODIFIED","name":"vmi-secureboot","namespace":"default","pos":"server.go:78","timestamp":"2020-11-03T21:27:13.548147Z","uid":"93a090e7-efca-4181-aaee-549793940cf2"}
{"component":"virt-handler","level":"info","msg":"Processing event default/vmi-secureboot","pos":"vm.go:1190","timestamp":"2020-11-03T21:27:13.614310Z"}
{"component":"virt-handler","kind":"","level":"info","msg":"VMI is in phase: Scheduled\n","name":"vmi-secureboot","namespace":"default","pos":"vm.go:1192","timestamp":"2020-11-03T21:27:13.614396Z","uid":"93a090e7-efca-4181-aaee-549793940cf2"}
{"component":"virt-handler","kind":"Domain","level":"info","msg":"Domain status: Running, reason: Unknown\n","name":"vmi-secureboot","namespace":"default","pos":"vm.go:1197","timestamp":"2020-11-03T21:27:13.614456Z","uid":"93a090e7-efca-4181-aaee-549793940cf2"}
{"component":"virt-handler","level":"info","msg":"Processing event default/vmi-secureboot","pos":"vm.go:1190","timestamp":"2020-11-03T21:27:13.659174Z"}
{"component":"virt-handler","kind":"","level":"info","msg":"VMI is in phase: Running\n","name":"vmi-secureboot","namespace":"default","pos":"vm.go:1192","timestamp":"2020-11-03T21:27:13.659250Z","uid":"93a090e7-efca-4181-aaee-549793940cf2"}
{"component":"virt-handler","kind":"Domain","level":"info","msg":"Domain status: Running, reason: Unknown\n","name":"vmi-secureboot","namespace":"default","pos":"vm.go:1197","timestamp":"2020-11-03T21:27:13.659334Z","uid":"93a090e7-efca-4181-aaee-549793940cf2"}
{"component":"virt-handler","level":"info","msg":"Processing event default/vmi-secureboot","pos":"vm.go:1190","timestamp":"2020-11-03T21:27:13.767860Z"}
{"component":"virt-handler","kind":"","level":"info","msg":"VMI is in phase: Running\n","name":"vmi-secureboot","namespace":"default","pos":"vm.go:1192","timestamp":"2020-11-03T21:27:13.767910Z","uid":"93a090e7-efca-4181-aaee-549793940cf2"}
{"component":"virt-handler","kind":"Domain","level":"info","msg":"Domain status: Running, reason: Unknown\n","name":"vmi-secureboot","namespace":"default","pos":"vm.go:1197","timestamp":"2020-11-03T21:27:13.767934Z","uid":"93a090e7-efca-4181-aaee-549793940cf2"}
{"component":"virt-handler","level":"info","msg":"resyncing virt-launcher domains","pos":"cache.go:385","timestamp":"2020-11-03T21:30:07.281171Z"}
{"component":"virt-handler","level":"info","msg":"Processing event default/vmi-secureboot","pos":"vm.go:1190","timestamp":"2020-11-03T21:30:07.331474Z"}
{"component":"virt-handler","kind":"","level":"info","msg":"VMI is in phase: Running\n","name":"vmi-secureboot","namespace":"default","pos":"vm.go:1192","timestamp":"2020-11-03T21:30:07.331944Z","uid":"93a090e7-efca-4181-aaee-549793940cf2"}
{"component":"virt-handler","kind":"Domain","level":"info","msg":"Domain status: Running, reason: Unknown\n","name":"vmi-secureboot","namespace":"default","pos":"vm.go:1197","timestamp":"2020-11-03T21:30:07.331978Z","uid":""}
{"component":"virt-handler","level":"info","msg":"resyncing virt-launcher domains","pos":"cache.go:385","timestamp":"2020-11-03T21:35:07.285388Z"}
{"component":"virt-handler","level":"info","msg":"Processing event default/vmi-secureboot","pos":"vm.go:1190","timestamp":"2020-11-03T21:35:07.326783Z"}
{"component":"virt-handler","kind":"","level":"info","msg":"VMI is in phase: Running\n","name":"vmi-secureboot","namespace":"default","pos":"vm.go:1192","timestamp":"2020-11-03T21:35:07.326848Z","uid":"93a090e7-efca-4181-aaee-549793940cf2"}
{"component":"virt-handler","kind":"Domain","level":"info","msg":"Domain status: Running, reason: Unknown\n","name":"vmi-secureboot","namespace":"default","pos":"vm.go:1197","timestamp":"2020-11-03T21:35:07.326875Z","uid":""}
