{"component":"virt-handler","hostname":"node01","level":"info","pos":"virt-handler.go:171","timestamp":"2020-11-05T04:25:08.956354Z"}
{"component":"virt-handler","level":"info","msg":"Starting collector: node name=node01","pos":"prometheus.go:506","timestamp":"2020-11-05T04:25:13.599784Z"}
{"component":"virt-handler","level":"info","msg":"STARTING informer CRDInformer","pos":"virtinformers.go:251","timestamp":"2020-11-05T04:25:13.599988Z"}
{"component":"virt-handler","level":"info","msg":"STARTING informer kubeVirtInformer","pos":"virtinformers.go:251","timestamp":"2020-11-05T04:25:13.600082Z"}
{"component":"virt-handler","level":"info","msg":"STARTING informer extensionsKubeVirtCAConfigMapInformer","pos":"virtinformers.go:251","timestamp":"2020-11-05T04:25:13.600112Z"}
{"component":"virt-handler","level":"info","msg":"STARTING informer vmiInformer","pos":"virtinformers.go:251","timestamp":"2020-11-05T04:25:13.600140Z"}
{"component":"virt-handler","level":"info","msg":"STARTING informer configMapInformer","pos":"virtinformers.go:251","timestamp":"2020-11-05T04:25:13.600151Z"}
{"component":"virt-handler","level":"info","msg":"certificate with common name 'kubevirt.io:system:client:virt-handler' retrieved.","pos":"cert-manager.go:196","timestamp":"2020-11-05T04:25:13.601877Z"}
{"component":"virt-handler","level":"info","msg":"certificate with common name 'kubevirt.io:system:node:virt-handler' retrieved.","pos":"cert-manager.go:196","timestamp":"2020-11-05T04:25:13.614783Z"}
{"component":"virt-handler","level":"info","msg":"metrics: max concurrent requests=3","pos":"virt-handler.go:380","timestamp":"2020-11-05T04:25:13.617842Z"}
{"component":"virt-handler","level":"info","msg":"Updating cluster config from KubeVirt to resource version '3246'","pos":"config-map.go:472","timestamp":"2020-11-05T04:25:13.717512Z"}
{"component":"virt-handler","level":"info","msg":"SELinux is reported as 'enforcing'","pos":"virt-handler.go:345","timestamp":"2020-11-05T04:25:15.342855Z"}
{"component":"virt-handler","level":"info","msg":"Updating cluster config from KubeVirt to resource version '3786'","pos":"config-map.go:472","timestamp":"2020-11-05T04:25:16.830833Z"}
{"component":"virt-handler","level":"info","msg":"Starting virt-handler controller.","pos":"vm.go:870","timestamp":"2020-11-05T04:26:33.324784Z"}
{"component":"virt-handler","level":"info","msg":"Starting device plugin controller","pos":"device_controller.go:92","timestamp":"2020-11-05T04:26:33.431138Z"}
{"component":"virt-handler","level":"info","msg":"kvm device plugin started","pos":"generic_device.go:176","timestamp":"2020-11-05T04:26:33.541328Z"}
{"component":"virt-handler","level":"info","msg":"device '/dev/kvm' is present.","pos":"generic_device.go:310","timestamp":"2020-11-05T04:26:33.542363Z"}
{"component":"virt-handler","level":"info","msg":"tun device plugin started","pos":"generic_device.go:176","timestamp":"2020-11-05T04:26:33.779632Z"}
{"component":"virt-handler","level":"info","msg":"device '/dev/net/tun' is present.","pos":"generic_device.go:310","timestamp":"2020-11-05T04:26:33.779909Z"}
{"component":"virt-handler","level":"info","msg":"vhost-net device plugin started","pos":"generic_device.go:176","timestamp":"2020-11-05T04:26:34.200791Z"}
{"component":"virt-handler","level":"info","msg":"device '/dev/vhost-net' is present.","pos":"generic_device.go:310","timestamp":"2020-11-05T04:26:34.200962Z"}
{"component":"virt-handler","level":"info","msg":"resyncing virt-launcher domains","pos":"cache.go:385","timestamp":"2020-11-05T04:31:33.331900Z"}
{"component":"virt-handler","level":"info","msg":"Processing event default/vmi-secureboot","pos":"vm.go:1190","timestamp":"2020-11-05T04:35:52.416007Z"}
{"component":"virt-handler","kind":"","level":"info","msg":"VMI is in phase: Scheduled\n","name":"vmi-secureboot","namespace":"default","pos":"vm.go:1192","timestamp":"2020-11-05T04:35:52.416121Z","uid":"c56045d5-9be9-4d64-8ca3-fcd514391824"}
{"component":"virt-handler","level":"info","msg":"Domain does not exist","pos":"vm.go:1199","timestamp":"2020-11-05T04:35:52.418527Z"}
{"component":"virt-handler","kind":"","level":"info","msg":"Bind mounting container disk at /var/lib/docker/overlay2/c4a2b9f3f044437ec472443e0b79cc49dccfc72cb3a58d56e522e97a812689f1/merged/disk/downloaded to /var/lib/kubelet/pods/0fa1bdf5-1d41-4d73-8b2f-cddc99697204/volumes/kubernetes.io~empty-dir/container-disks/disk_0.img","name":"vmi-secureboot","namespace":"default","pos":"mount.go:248","timestamp":"2020-11-05T04:35:52.440415Z","uid":"c56045d5-9be9-4d64-8ca3-fcd514391824"}
{"component":"virt-handler","level":"info","msg":"updated MAC for eth0 interface: old: 42:c8:64:3a:aa:bb -\u003e new: 42:c8:64:16:e5:51","pos":"common.go:323","timestamp":"2020-11-05T04:35:52.549606Z"}
{"component":"virt-handler","level":"info","msg":"Created tap device: tap0 in PID: 21525","pos":"common.go:388","timestamp":"2020-11-05T04:35:52.662563Z"}
{"component":"virt-handler","level":"info","msg":"Successfully configured tap device: tap0","pos":"common.go:489","timestamp":"2020-11-05T04:35:52.732667Z"}
{"component":"virt-handler","kind":"","level":"error","msg":"Synchronizing the VirtualMachineInstance failed.","name":"vmi-secureboot","namespace":"default","pos":"vm.go:1329","reason":"server error. command SyncVMI failed: \"missing OVMF bootloader\"","timestamp":"2020-11-05T04:35:52.777940Z","uid":"c56045d5-9be9-4d64-8ca3-fcd514391824"}
{"component":"virt-handler","level":"info","msg":"re-enqueuing VirtualMachineInstance default/vmi-secureboot","pos":"vm.go:918","reason":"server error. command SyncVMI failed: \"missing OVMF bootloader\"","timestamp":"2020-11-05T04:35:52.839416Z"}
{"component":"virt-handler","level":"info","msg":"Processing event default/vmi-secureboot","pos":"vm.go:1190","timestamp":"2020-11-05T04:35:52.839738Z"}
{"component":"virt-handler","kind":"","level":"info","msg":"VMI is in phase: Scheduled\n","name":"vmi-secureboot","namespace":"default","pos":"vm.go:1192","timestamp":"2020-11-05T04:35:52.839776Z","uid":"c56045d5-9be9-4d64-8ca3-fcd514391824"}
{"component":"virt-handler","level":"info","msg":"Domain does not exist","pos":"vm.go:1199","timestamp":"2020-11-05T04:35:52.839811Z"}
{"component":"virt-handler","kind":"","level":"error","msg":"Synchronizing the VirtualMachineInstance failed.","name":"vmi-secureboot","namespace":"default","pos":"vm.go:1329","reason":"server error. command SyncVMI failed: \"missing OVMF bootloader\"","timestamp":"2020-11-05T04:35:52.894797Z","uid":"c56045d5-9be9-4d64-8ca3-fcd514391824"}
{"component":"virt-handler","level":"info","msg":"re-enqueuing VirtualMachineInstance default/vmi-secureboot","pos":"vm.go:918","reason":"server error. command SyncVMI failed: \"missing OVMF bootloader\"","timestamp":"2020-11-05T04:35:52.894978Z"}
{"component":"virt-handler","level":"info","msg":"Processing event default/vmi-secureboot","pos":"vm.go:1190","timestamp":"2020-11-05T04:35:52.895032Z"}
{"component":"virt-handler","kind":"","level":"info","msg":"VMI is in phase: Scheduled\n","name":"vmi-secureboot","namespace":"default","pos":"vm.go:1192","timestamp":"2020-11-05T04:35:52.895048Z","uid":"c56045d5-9be9-4d64-8ca3-fcd514391824"}
{"component":"virt-handler","level":"info","msg":"Domain does not exist","pos":"vm.go:1199","timestamp":"2020-11-05T04:35:52.895063Z"}
{"component":"virt-handler","kind":"","level":"error","msg":"Synchronizing the VirtualMachineInstance failed.","name":"vmi-secureboot","namespace":"default","pos":"vm.go:1329","reason":"server error. command SyncVMI failed: \"missing OVMF bootloader\"","timestamp":"2020-11-05T04:35:52.969375Z","uid":"c56045d5-9be9-4d64-8ca3-fcd514391824"}
{"component":"virt-handler","level":"info","msg":"re-enqueuing VirtualMachineInstance default/vmi-secureboot","pos":"vm.go:918","reason":"server error. command SyncVMI failed: \"missing OVMF bootloader\"","timestamp":"2020-11-05T04:35:52.969839Z"}
{"component":"virt-handler","level":"info","msg":"Processing event default/vmi-secureboot","pos":"vm.go:1190","timestamp":"2020-11-05T04:35:52.969887Z"}
{"component":"virt-handler","kind":"","level":"info","msg":"VMI is in phase: Scheduled\n","name":"vmi-secureboot","namespace":"default","pos":"vm.go:1192","timestamp":"2020-11-05T04:35:52.969906Z","uid":"c56045d5-9be9-4d64-8ca3-fcd514391824"}
{"component":"virt-handler","level":"info","msg":"Domain does not exist","pos":"vm.go:1199","timestamp":"2020-11-05T04:35:52.969930Z"}
{"component":"virt-handler","kind":"","level":"error","msg":"Synchronizing the VirtualMachineInstance failed.","name":"vmi-secureboot","namespace":"default","pos":"vm.go:1329","reason":"server error. command SyncVMI failed: \"missing OVMF bootloader\"","timestamp":"2020-11-05T04:35:53.060556Z","uid":"c56045d5-9be9-4d64-8ca3-fcd514391824"}
{"component":"virt-handler","level":"info","msg":"re-enqueuing VirtualMachineInstance default/vmi-secureboot","pos":"vm.go:918","reason":"server error. command SyncVMI failed: \"missing OVMF bootloader\"","timestamp":"2020-11-05T04:35:53.060738Z"}
{"component":"virt-handler","level":"info","msg":"Processing event default/vmi-secureboot","pos":"vm.go:1190","timestamp":"2020-11-05T04:35:53.060781Z"}
{"component":"virt-handler","kind":"","level":"info","msg":"VMI is in phase: Scheduled\n","name":"vmi-secureboot","namespace":"default","pos":"vm.go:1192","timestamp":"2020-11-05T04:35:53.060805Z","uid":"c56045d5-9be9-4d64-8ca3-fcd514391824"}
{"component":"virt-handler","level":"info","msg":"Domain does not exist","pos":"vm.go:1199","timestamp":"2020-11-05T04:35:53.060826Z"}
{"component":"virt-handler","kind":"","level":"error","msg":"Synchronizing the VirtualMachineInstance failed.","name":"vmi-secureboot","namespace":"default","pos":"vm.go:1329","reason":"server error. command SyncVMI failed: \"missing OVMF bootloader\"","timestamp":"2020-11-05T04:35:53.143424Z","uid":"c56045d5-9be9-4d64-8ca3-fcd514391824"}
{"component":"virt-handler","level":"info","msg":"re-enqueuing VirtualMachineInstance default/vmi-secureboot","pos":"vm.go:918","reason":"server error. command SyncVMI failed: \"missing OVMF bootloader\"","timestamp":"2020-11-05T04:35:53.143679Z"}
{"component":"virt-handler","level":"info","msg":"Processing event default/vmi-secureboot","pos":"vm.go:1190","timestamp":"2020-11-05T04:35:53.143724Z"}
{"component":"virt-handler","kind":"","level":"info","msg":"VMI is in phase: Scheduled\n","name":"vmi-secureboot","namespace":"default","pos":"vm.go:1192","timestamp":"2020-11-05T04:35:53.143762Z","uid":"c56045d5-9be9-4d64-8ca3-fcd514391824"}
{"component":"virt-handler","level":"info","msg":"Domain does not exist","pos":"vm.go:1199","timestamp":"2020-11-05T04:35:53.143794Z"}
{"component":"virt-handler","kind":"","level":"error","msg":"Synchronizing the VirtualMachineInstance failed.","name":"vmi-secureboot","namespace":"default","pos":"vm.go:1329","reason":"server error. command SyncVMI failed: \"missing OVMF bootloader\"","timestamp":"2020-11-05T04:35:53.204401Z","uid":"c56045d5-9be9-4d64-8ca3-fcd514391824"}
{"component":"virt-handler","level":"info","msg":"re-enqueuing VirtualMachineInstance default/vmi-secureboot","pos":"vm.go:918","reason":"server error. command SyncVMI failed: \"missing OVMF bootloader\"","timestamp":"2020-11-05T04:35:53.204622Z"}
{"component":"virt-handler","level":"info","msg":"Processing event default/vmi-secureboot","pos":"vm.go:1190","timestamp":"2020-11-05T04:35:53.231547Z"}
{"component":"virt-handler","kind":"","level":"info","msg":"VMI is in phase: Scheduled\n","name":"vmi-secureboot","namespace":"default","pos":"vm.go:1192","timestamp":"2020-11-05T04:35:53.231608Z","uid":"c56045d5-9be9-4d64-8ca3-fcd514391824"}
{"component":"virt-handler","level":"info","msg":"Domain does not exist","pos":"vm.go:1199","timestamp":"2020-11-05T04:35:53.231630Z"}
{"component":"virt-handler","kind":"","level":"error","msg":"Synchronizing the VirtualMachineInstance failed.","name":"vmi-secureboot","namespace":"default","pos":"vm.go:1329","reason":"server error. command SyncVMI failed: \"missing OVMF bootloader\"","timestamp":"2020-11-05T04:35:53.299783Z","uid":"c56045d5-9be9-4d64-8ca3-fcd514391824"}
{"component":"virt-handler","level":"info","msg":"re-enqueuing VirtualMachineInstance default/vmi-secureboot","pos":"vm.go:918","reason":"server error. command SyncVMI failed: \"missing OVMF bootloader\"","timestamp":"2020-11-05T04:35:53.300020Z"}
{"component":"virt-handler","level":"info","msg":"Processing event default/vmi-secureboot","pos":"vm.go:1190","timestamp":"2020-11-05T04:35:53.620658Z"}
{"component":"virt-handler","kind":"","level":"info","msg":"VMI is in phase: Scheduled\n","name":"vmi-secureboot","namespace":"default","pos":"vm.go:1192","timestamp":"2020-11-05T04:35:53.620722Z","uid":"c56045d5-9be9-4d64-8ca3-fcd514391824"}
{"component":"virt-handler","level":"info","msg":"Domain does not exist","pos":"vm.go:1199","timestamp":"2020-11-05T04:35:53.620748Z"}
{"component":"virt-handler","kind":"","level":"error","msg":"Synchronizing the VirtualMachineInstance failed.","name":"vmi-secureboot","namespace":"default","pos":"vm.go:1329","reason":"server error. command SyncVMI failed: \"missing OVMF bootloader\"","timestamp":"2020-11-05T04:35:53.685061Z","uid":"c56045d5-9be9-4d64-8ca3-fcd514391824"}
{"component":"virt-handler","level":"info","msg":"re-enqueuing VirtualMachineInstance default/vmi-secureboot","pos":"vm.go:918","reason":"server error. command SyncVMI failed: \"missing OVMF bootloader\"","timestamp":"2020-11-05T04:35:53.685538Z"}
{"component":"virt-handler","level":"info","msg":"Processing event default/vmi-secureboot","pos":"vm.go:1190","timestamp":"2020-11-05T04:35:54.326885Z"}
{"component":"virt-handler","kind":"","level":"info","msg":"VMI is in phase: Scheduled\n","name":"vmi-secureboot","namespace":"default","pos":"vm.go:1192","timestamp":"2020-11-05T04:35:54.327343Z","uid":"c56045d5-9be9-4d64-8ca3-fcd514391824"}
{"component":"virt-handler","level":"info","msg":"Domain does not exist","pos":"vm.go:1199","timestamp":"2020-11-05T04:35:54.327394Z"}
{"component":"virt-handler","kind":"","level":"error","msg":"Synchronizing the VirtualMachineInstance failed.","name":"vmi-secureboot","namespace":"default","pos":"vm.go:1329","reason":"server error. command SyncVMI failed: \"missing OVMF bootloader\"","timestamp":"2020-11-05T04:35:54.406962Z","uid":"c56045d5-9be9-4d64-8ca3-fcd514391824"}
{"component":"virt-handler","level":"info","msg":"re-enqueuing VirtualMachineInstance default/vmi-secureboot","pos":"vm.go:918","reason":"server error. command SyncVMI failed: \"missing OVMF bootloader\"","timestamp":"2020-11-05T04:35:54.407817Z"}
{"component":"virt-handler","level":"info","msg":"Processing event default/vmi-secureboot","pos":"vm.go:1190","timestamp":"2020-11-05T04:35:55.691786Z"}
{"component":"virt-handler","kind":"","level":"info","msg":"VMI is in phase: Scheduled\n","name":"vmi-secureboot","namespace":"default","pos":"vm.go:1192","timestamp":"2020-11-05T04:35:55.691981Z","uid":"c56045d5-9be9-4d64-8ca3-fcd514391824"}
{"component":"virt-handler","level":"info","msg":"Domain does not exist","pos":"vm.go:1199","timestamp":"2020-11-05T04:35:55.692034Z"}
{"component":"virt-handler","kind":"","level":"error","msg":"Synchronizing the VirtualMachineInstance failed.","name":"vmi-secureboot","namespace":"default","pos":"vm.go:1329","reason":"server error. command SyncVMI failed: \"missing OVMF bootloader\"","timestamp":"2020-11-05T04:35:55.762677Z","uid":"c56045d5-9be9-4d64-8ca3-fcd514391824"}
{"component":"virt-handler","level":"info","msg":"re-enqueuing VirtualMachineInstance default/vmi-secureboot","pos":"vm.go:918","reason":"server error. command SyncVMI failed: \"missing OVMF bootloader\"","timestamp":"2020-11-05T04:35:55.762929Z"}
{"component":"virt-handler","level":"info","msg":"Processing event default/vmi-secureboot","pos":"vm.go:1190","timestamp":"2020-11-05T04:35:58.324808Z"}
{"component":"virt-handler","kind":"","level":"info","msg":"VMI is in phase: Scheduled\n","name":"vmi-secureboot","namespace":"default","pos":"vm.go:1192","timestamp":"2020-11-05T04:35:58.325186Z","uid":"c56045d5-9be9-4d64-8ca3-fcd514391824"}
{"component":"virt-handler","level":"info","msg":"Domain does not exist","pos":"vm.go:1199","timestamp":"2020-11-05T04:35:58.325428Z"}
{"component":"virt-handler","kind":"","level":"error","msg":"Synchronizing the VirtualMachineInstance failed.","name":"vmi-secureboot","namespace":"default","pos":"vm.go:1329","reason":"server error. command SyncVMI failed: \"missing OVMF bootloader\"","timestamp":"2020-11-05T04:35:58.407116Z","uid":"c56045d5-9be9-4d64-8ca3-fcd514391824"}
{"component":"virt-handler","level":"info","msg":"re-enqueuing VirtualMachineInstance default/vmi-secureboot","pos":"vm.go:918","reason":"server error. command SyncVMI failed: \"missing OVMF bootloader\"","timestamp":"2020-11-05T04:35:58.407987Z"}
{"component":"virt-handler","level":"info","msg":"Processing event default/vmi-secureboot","pos":"vm.go:1190","timestamp":"2020-11-05T04:36:03.529653Z"}
{"component":"virt-handler","kind":"","level":"info","msg":"VMI is in phase: Scheduled\n","name":"vmi-secureboot","namespace":"default","pos":"vm.go:1192","timestamp":"2020-11-05T04:36:03.529990Z","uid":"c56045d5-9be9-4d64-8ca3-fcd514391824"}
{"component":"virt-handler","level":"info","msg":"Domain does not exist","pos":"vm.go:1199","timestamp":"2020-11-05T04:36:03.530173Z"}
{"component":"virt-handler","kind":"","level":"error","msg":"Synchronizing the VirtualMachineInstance failed.","name":"vmi-secureboot","namespace":"default","pos":"vm.go:1329","reason":"server error. command SyncVMI failed: \"missing OVMF bootloader\"","timestamp":"2020-11-05T04:36:03.797592Z","uid":"c56045d5-9be9-4d64-8ca3-fcd514391824"}
{"component":"virt-handler","level":"info","msg":"re-enqueuing VirtualMachineInstance default/vmi-secureboot","pos":"vm.go:918","reason":"server error. command SyncVMI failed: \"missing OVMF bootloader\"","timestamp":"2020-11-05T04:36:03.797842Z"}
{"component":"virt-handler","level":"info","msg":"Processing event default/vmi-secureboot","pos":"vm.go:1190","timestamp":"2020-11-05T04:36:14.038998Z"}
{"component":"virt-handler","kind":"","level":"info","msg":"VMI is in phase: Scheduled\n","name":"vmi-secureboot","namespace":"default","pos":"vm.go:1192","timestamp":"2020-11-05T04:36:14.039113Z","uid":"c56045d5-9be9-4d64-8ca3-fcd514391824"}
{"component":"virt-handler","level":"info","msg":"Domain does not exist","pos":"vm.go:1199","timestamp":"2020-11-05T04:36:14.039142Z"}
{"component":"virt-handler","kind":"","level":"error","msg":"Synchronizing the VirtualMachineInstance failed.","name":"vmi-secureboot","namespace":"default","pos":"vm.go:1329","reason":"server error. command SyncVMI failed: \"missing OVMF bootloader\"","timestamp":"2020-11-05T04:36:14.120648Z","uid":"c56045d5-9be9-4d64-8ca3-fcd514391824"}
{"component":"virt-handler","level":"info","msg":"re-enqueuing VirtualMachineInstance default/vmi-secureboot","pos":"vm.go:918","reason":"server error. command SyncVMI failed: \"missing OVMF bootloader\"","timestamp":"2020-11-05T04:36:14.120901Z"}
{"component":"virt-handler","level":"info","msg":"resyncing virt-launcher domains","pos":"cache.go:385","timestamp":"2020-11-05T04:36:33.332018Z"}
{"component":"virt-handler","level":"info","msg":"Processing event default/vmi-secureboot","pos":"vm.go:1190","timestamp":"2020-11-05T04:36:34.601686Z"}
{"component":"virt-handler","kind":"","level":"info","msg":"VMI is in phase: Scheduled\n","name":"vmi-secureboot","namespace":"default","pos":"vm.go:1192","timestamp":"2020-11-05T04:36:34.601765Z","uid":"c56045d5-9be9-4d64-8ca3-fcd514391824"}
{"component":"virt-handler","level":"info","msg":"Domain does not exist","pos":"vm.go:1199","timestamp":"2020-11-05T04:36:34.601796Z"}
{"component":"virt-handler","kind":"","level":"error","msg":"Synchronizing the VirtualMachineInstance failed.","name":"vmi-secureboot","namespace":"default","pos":"vm.go:1329","reason":"server error. command SyncVMI failed: \"missing OVMF bootloader\"","timestamp":"2020-11-05T04:36:34.786661Z","uid":"c56045d5-9be9-4d64-8ca3-fcd514391824"}
{"component":"virt-handler","level":"info","msg":"re-enqueuing VirtualMachineInstance default/vmi-secureboot","pos":"vm.go:918","reason":"server error. command SyncVMI failed: \"missing OVMF bootloader\"","timestamp":"2020-11-05T04:36:34.787142Z"}
{"component":"virt-handler","level":"info","msg":"Processing event default/vmi-secureboot","pos":"vm.go:1190","timestamp":"2020-11-05T04:37:15.747901Z"}
{"component":"virt-handler","kind":"","level":"info","msg":"VMI is in phase: Scheduled\n","name":"vmi-secureboot","namespace":"default","pos":"vm.go:1192","timestamp":"2020-11-05T04:37:15.748107Z","uid":"c56045d5-9be9-4d64-8ca3-fcd514391824"}
{"component":"virt-handler","level":"info","msg":"Domain does not exist","pos":"vm.go:1199","timestamp":"2020-11-05T04:37:15.748188Z"}
{"component":"virt-handler","kind":"","level":"error","msg":"Synchronizing the VirtualMachineInstance failed.","name":"vmi-secureboot","namespace":"default","pos":"vm.go:1329","reason":"server error. command SyncVMI failed: \"missing OVMF bootloader\"","timestamp":"2020-11-05T04:37:15.864391Z","uid":"c56045d5-9be9-4d64-8ca3-fcd514391824"}
{"component":"virt-handler","level":"info","msg":"re-enqueuing VirtualMachineInstance default/vmi-secureboot","pos":"vm.go:918","reason":"server error. command SyncVMI failed: \"missing OVMF bootloader\"","timestamp":"2020-11-05T04:37:15.865014Z"}
{"component":"virt-handler","level":"info","msg":"Processing event default/vmi-secureboot","pos":"vm.go:1190","timestamp":"2020-11-05T04:38:37.785675Z"}
{"component":"virt-handler","kind":"","level":"info","msg":"VMI is in phase: Scheduled\n","name":"vmi-secureboot","namespace":"default","pos":"vm.go:1192","timestamp":"2020-11-05T04:38:37.785877Z","uid":"c56045d5-9be9-4d64-8ca3-fcd514391824"}
{"component":"virt-handler","level":"info","msg":"Domain does not exist","pos":"vm.go:1199","timestamp":"2020-11-05T04:38:37.785904Z"}
{"component":"virt-handler","kind":"","level":"error","msg":"Synchronizing the VirtualMachineInstance failed.","name":"vmi-secureboot","namespace":"default","pos":"vm.go:1329","reason":"server error. command SyncVMI failed: \"missing OVMF bootloader\"","timestamp":"2020-11-05T04:38:37.877805Z","uid":"c56045d5-9be9-4d64-8ca3-fcd514391824"}
{"component":"virt-handler","level":"info","msg":"re-enqueuing VirtualMachineInstance default/vmi-secureboot","pos":"vm.go:918","reason":"server error. command SyncVMI failed: \"missing OVMF bootloader\"","timestamp":"2020-11-05T04:38:37.878188Z"}
{"component":"virt-handler","level":"info","msg":"Processing event default/vmi-secureboot","pos":"vm.go:1190","timestamp":"2020-11-05T04:41:21.728739Z"}
{"component":"virt-handler","kind":"","level":"info","msg":"VMI is in phase: Scheduled\n","name":"vmi-secureboot","namespace":"default","pos":"vm.go:1192","timestamp":"2020-11-05T04:41:21.728936Z","uid":"c56045d5-9be9-4d64-8ca3-fcd514391824"}
{"component":"virt-handler","level":"info","msg":"Domain does not exist","pos":"vm.go:1199","timestamp":"2020-11-05T04:41:21.728985Z"}
{"component":"virt-handler","level":"info","msg":"Processing event default/vmi-secureboot","pos":"vm.go:1190","timestamp":"2020-11-05T04:41:21.813418Z"}
{"component":"virt-handler","kind":"","level":"info","msg":"VMI is in phase: Failed\n","name":"vmi-secureboot","namespace":"default","pos":"vm.go:1192","timestamp":"2020-11-05T04:41:21.813466Z","uid":"c56045d5-9be9-4d64-8ca3-fcd514391824"}
{"component":"virt-handler","level":"info","msg":"Domain does not exist","pos":"vm.go:1199","timestamp":"2020-11-05T04:41:21.813502Z"}
{"component":"virt-handler","kind":"","level":"info","msg":"Performing final local cleanup for vmi with uid c56045d5-9be9-4d64-8ca3-fcd514391824","name":"vmi-secureboot","namespace":"default","pos":"vm.go:1449","timestamp":"2020-11-05T04:41:21.813772Z","uid":"c56045d5-9be9-4d64-8ca3-fcd514391824"}
{"component":"virt-handler","kind":"","level":"info","msg":"Found container disk mount entries","name":"vmi-secureboot","namespace":"default","pos":"mount.go:327","timestamp":"2020-11-05T04:41:21.813993Z","uid":"c56045d5-9be9-4d64-8ca3-fcd514391824"}
{"component":"virt-handler","kind":"","level":"info","msg":"Looking to see if containerdisk is mounted at path /var/lib/kubelet/pods/0fa1bdf5-1d41-4d73-8b2f-cddc99697204/volumes/kubernetes.io~empty-dir/container-disks/disk_0.img","name":"vmi-secureboot","namespace":"default","pos":"mount.go:330","timestamp":"2020-11-05T04:41:21.814032Z","uid":"c56045d5-9be9-4d64-8ca3-fcd514391824"}
{"component":"virt-handler","kind":"","level":"info","msg":"unmounting container disk at path /var/lib/kubelet/pods/0fa1bdf5-1d41-4d73-8b2f-cddc99697204/volumes/kubernetes.io~empty-dir/container-disks/disk_0.img","name":"vmi-secureboot","namespace":"default","pos":"mount.go:334","timestamp":"2020-11-05T04:41:21.816084Z","uid":"c56045d5-9be9-4d64-8ca3-fcd514391824"}
{"component":"virt-handler","kind":"Domain","level":"info","msg":"Removing domain from cache during final cleanup","name":"vmi-secureboot","namespace":"default","pos":"vm.go:1479","timestamp":"2020-11-05T04:41:21.957079Z","uid":""}
{"component":"virt-handler","level":"info","msg":"resyncing virt-launcher domains","pos":"cache.go:385","timestamp":"2020-11-05T04:41:33.332175Z"}
{"component":"virt-handler","level":"info","msg":"Processing event default/vmi-secureboot","pos":"vm.go:1190","timestamp":"2020-11-05T04:45:07.488870Z"}
{"component":"virt-handler","kind":"","level":"info","msg":"VMI is in phase: Failed\n","name":"vmi-secureboot","namespace":"default","pos":"vm.go:1192","timestamp":"2020-11-05T04:45:07.489178Z","uid":"c56045d5-9be9-4d64-8ca3-fcd514391824"}
{"component":"virt-handler","level":"info","msg":"Domain does not exist","pos":"vm.go:1199","timestamp":"2020-11-05T04:45:07.489317Z"}
{"component":"virt-handler","kind":"","level":"info","msg":"Performing final local cleanup for vmi with uid c56045d5-9be9-4d64-8ca3-fcd514391824","name":"vmi-secureboot","namespace":"default","pos":"vm.go:1449","timestamp":"2020-11-05T04:45:07.489401Z","uid":"c56045d5-9be9-4d64-8ca3-fcd514391824"}
{"component":"virt-handler","kind":"","level":"info","msg":"No container disk mount entries found to unmount","name":"vmi-secureboot","namespace":"default","pos":"mount.go:323","timestamp":"2020-11-05T04:45:07.489484Z","uid":"c56045d5-9be9-4d64-8ca3-fcd514391824"}
{"component":"virt-handler","kind":"Domain","level":"info","msg":"Removing domain from cache during final cleanup","name":"vmi-secureboot","namespace":"default","pos":"vm.go:1479","timestamp":"2020-11-05T04:45:07.489752Z","uid":""}
{"component":"virt-handler","level":"info","msg":"Processing event default/vmi-secureboot","pos":"vm.go:1190","timestamp":"2020-11-05T04:45:07.719979Z"}
{"component":"virt-handler","level":"info","msg":"VMI does not exist","pos":"vm.go:1194","timestamp":"2020-11-05T04:45:07.720081Z"}
{"component":"virt-handler","level":"info","msg":"Domain does not exist","pos":"vm.go:1199","timestamp":"2020-11-05T04:45:07.720146Z"}
{"component":"virt-handler","kind":"VirtualMachineInstance","level":"info","msg":"Performing final local cleanup for vmi with uid ","name":"vmi-secureboot","namespace":"default","pos":"vm.go:1449","timestamp":"2020-11-05T04:45:07.720570Z","uid":""}
{"component":"virt-handler","kind":"Domain","level":"info","msg":"Removing domain from cache during final cleanup","name":"vmi-secureboot","namespace":"default","pos":"vm.go:1479","timestamp":"2020-11-05T04:45:07.720654Z","uid":""}
{"component":"virt-handler","level":"info","msg":"resyncing virt-launcher domains","pos":"cache.go:385","timestamp":"2020-11-05T04:46:33.332948Z"}
{"component":"virt-handler","level":"info","msg":"resyncing virt-launcher domains","pos":"cache.go:385","timestamp":"2020-11-05T04:51:33.331973Z"}
{"component":"virt-handler","level":"info","msg":"resyncing virt-launcher domains","pos":"cache.go:385","timestamp":"2020-11-05T04:56:33.338719Z"}
{"component":"virt-handler","level":"info","msg":"resyncing virt-launcher domains","pos":"cache.go:385","timestamp":"2020-11-05T05:01:33.331917Z"}
{"component":"virt-handler","level":"info","msg":"resyncing virt-launcher domains","pos":"cache.go:385","timestamp":"2020-11-05T05:06:33.332102Z"}
{"component":"virt-handler","level":"info","msg":"resyncing virt-launcher domains","pos":"cache.go:385","timestamp":"2020-11-05T05:11:33.332396Z"}
{"component":"virt-handler","level":"info","msg":"resyncing virt-launcher domains","pos":"cache.go:385","timestamp":"2020-11-05T05:16:33.331996Z"}
{"component":"virt-handler","level":"info","msg":"resyncing virt-launcher domains","pos":"cache.go:385","timestamp":"2020-11-05T05:21:33.331909Z"}
{"component":"virt-handler","level":"info","msg":"resyncing virt-launcher domains","pos":"cache.go:385","timestamp":"2020-11-05T05:26:33.334783Z"}
{"component":"virt-handler","level":"info","msg":"resyncing virt-launcher domains","pos":"cache.go:385","timestamp":"2020-11-05T05:31:33.333512Z"}
{"component":"virt-handler","level":"info","msg":"resyncing virt-launcher domains","pos":"cache.go:385","timestamp":"2020-11-05T05:36:33.331650Z"}
{"component":"virt-handler","level":"info","msg":"resyncing virt-launcher domains","pos":"cache.go:385","timestamp":"2020-11-05T05:41:33.332472Z"}
{"component":"virt-handler","level":"info","msg":"resyncing virt-launcher domains","pos":"cache.go:385","timestamp":"2020-11-05T05:46:33.332826Z"}
{"component":"virt-handler","level":"info","msg":"resyncing virt-launcher domains","pos":"cache.go:385","timestamp":"2020-11-05T05:51:33.332324Z"}
{"component":"virt-handler","level":"info","msg":"resyncing virt-launcher domains","pos":"cache.go:385","timestamp":"2020-11-05T05:56:33.336008Z"}
{"component":"virt-handler","level":"info","msg":"resyncing virt-launcher domains","pos":"cache.go:385","timestamp":"2020-11-05T06:01:33.332834Z"}
{"component":"virt-handler","level":"info","msg":"resyncing virt-launcher domains","pos":"cache.go:385","timestamp":"2020-11-05T06:06:33.331822Z"}
{"component":"virt-handler","level":"info","msg":"resyncing virt-launcher domains","pos":"cache.go:385","timestamp":"2020-11-05T06:11:33.335516Z"}
