{"component":"virt-launcher","level":"info","msg":"Collected all requested hook sidecar sockets","pos":"manager.go:68","timestamp":"2020-11-05T04:35:51.199318Z"}
{"component":"virt-launcher","level":"info","msg":"Sorted all collected sidecar sockets per hook point based on their priority and name: map[]","pos":"manager.go:71","timestamp":"2020-11-05T04:35:51.199933Z"}
{"component":"virt-launcher","level":"info","msg":"Connecting to libvirt daemon: qemu:///system","pos":"libvirt.go:380","timestamp":"2020-11-05T04:35:51.242088Z"}
{"component":"virt-launcher","level":"info","msg":"Connecting to libvirt daemon failed: virError(Code=38, Domain=7, Message='Failed to connect socket to '/var/run/libvirt/libvirt-sock': No such file or directory')","pos":"libvirt.go:388","timestamp":"2020-11-05T04:35:51.275346Z"}
{"component":"virt-launcher","level":"info","msg":"libvirt version: 6.0.0, package: 16.fc31 (Unknown, 2020-04-07-15:55:55, )","subcomponent":"libvirt","thread":"44","timestamp":"2020-11-05T04:35:51.469000Z"}
{"component":"virt-launcher","level":"info","msg":"hostname: vmi-secureboot","subcomponent":"libvirt","thread":"44","timestamp":"2020-11-05T04:35:51.469000Z"}
{"component":"virt-launcher","level":"error","msg":"internal error: Child process (/usr/sbin/dmidecode -q -t 0,1,2,3,4,17) unexpected exit status 1: /dev/mem: No such file or directory","pos":"virCommandWait:2709","subcomponent":"libvirt","thread":"44","timestamp":"2020-11-05T04:35:51.469000Z"}
{"component":"virt-launcher","level":"info","msg":"Connected to libvirt daemon","pos":"libvirt.go:396","timestamp":"2020-11-05T04:35:51.781213Z"}
{"component":"virt-launcher","level":"info","msg":"Registered libvirt event notify callback","pos":"client.go:394","timestamp":"2020-11-05T04:35:51.796501Z"}
{"component":"virt-launcher","level":"info","msg":"Marked as ready","pos":"virt-launcher.go:71","timestamp":"2020-11-05T04:35:51.815717Z"}
{"component":"virt-launcher","level":"info","msg":"DDDD virt-launcher OS does not support the VMI secure boot option","pos":"converter.go:742","timestamp":"2020-11-05T04:35:52.774578Z"}
{"component":"virt-launcher","level":"info","msg":"EEEE virt-launcher OS does not support the VMI secure boot option","pos":"converter.go:744","timestamp":"2020-11-05T04:35:52.776545Z"}
{"component":"virt-launcher","kind":"","level":"error","msg":"Conversion failed.","name":"vmi-secureboot","namespace":"default","pos":"manager.go:1247","reason":"missing OVMF bootloader","timestamp":"2020-11-05T04:35:52.776625Z","uid":"c56045d5-9be9-4d64-8ca3-fcd514391824"}
{"component":"virt-launcher","kind":"","level":"error","msg":"Failed to sync vmi","name":"vmi-secureboot","namespace":"default","pos":"server.go:161","reason":"missing OVMF bootloader","timestamp":"2020-11-05T04:35:52.776670Z","uid":"c56045d5-9be9-4d64-8ca3-fcd514391824"}
{"component":"virt-launcher","level":"info","msg":"DDDD virt-launcher OS does not support the VMI secure boot option","pos":"converter.go:742","timestamp":"2020-11-05T04:35:52.893440Z"}
{"component":"virt-launcher","level":"info","msg":"EEEE virt-launcher OS does not support the VMI secure boot option","pos":"converter.go:744","timestamp":"2020-11-05T04:35:52.893579Z"}
{"component":"virt-launcher","kind":"","level":"error","msg":"Conversion failed.","name":"vmi-secureboot","namespace":"default","pos":"manager.go:1247","reason":"missing OVMF bootloader","timestamp":"2020-11-05T04:35:52.893621Z","uid":"c56045d5-9be9-4d64-8ca3-fcd514391824"}
{"component":"virt-launcher","kind":"","level":"error","msg":"Failed to sync vmi","name":"vmi-secureboot","namespace":"default","pos":"server.go:161","reason":"missing OVMF bootloader","timestamp":"2020-11-05T04:35:52.893658Z","uid":"c56045d5-9be9-4d64-8ca3-fcd514391824"}
{"component":"virt-launcher","level":"info","msg":"DDDD virt-launcher OS does not support the VMI secure boot option","pos":"converter.go:742","timestamp":"2020-11-05T04:35:52.968077Z"}
{"component":"virt-launcher","level":"info","msg":"EEEE virt-launcher OS does not support the VMI secure boot option","pos":"converter.go:744","timestamp":"2020-11-05T04:35:52.968168Z"}
{"component":"virt-launcher","kind":"","level":"error","msg":"Conversion failed.","name":"vmi-secureboot","namespace":"default","pos":"manager.go:1247","reason":"missing OVMF bootloader","timestamp":"2020-11-05T04:35:52.968211Z","uid":"c56045d5-9be9-4d64-8ca3-fcd514391824"}
{"component":"virt-launcher","kind":"","level":"error","msg":"Failed to sync vmi","name":"vmi-secureboot","namespace":"default","pos":"server.go:161","reason":"missing OVMF bootloader","timestamp":"2020-11-05T04:35:52.968342Z","uid":"c56045d5-9be9-4d64-8ca3-fcd514391824"}
{"component":"virt-launcher","level":"info","msg":"DDDD virt-launcher OS does not support the VMI secure boot option","pos":"converter.go:742","timestamp":"2020-11-05T04:35:53.059536Z"}
{"component":"virt-launcher","level":"info","msg":"EEEE virt-launcher OS does not support the VMI secure boot option","pos":"converter.go:744","timestamp":"2020-11-05T04:35:53.059882Z"}
{"component":"virt-launcher","kind":"","level":"error","msg":"Conversion failed.","name":"vmi-secureboot","namespace":"default","pos":"manager.go:1247","reason":"missing OVMF bootloader","timestamp":"2020-11-05T04:35:53.059952Z","uid":"c56045d5-9be9-4d64-8ca3-fcd514391824"}
{"component":"virt-launcher","kind":"","level":"error","msg":"Failed to sync vmi","name":"vmi-secureboot","namespace":"default","pos":"server.go:161","reason":"missing OVMF bootloader","timestamp":"2020-11-05T04:35:53.060008Z","uid":"c56045d5-9be9-4d64-8ca3-fcd514391824"}
{"component":"virt-launcher","level":"info","msg":"DDDD virt-launcher OS does not support the VMI secure boot option","pos":"converter.go:742","timestamp":"2020-11-05T04:35:53.136160Z"}
{"component":"virt-launcher","level":"info","msg":"EEEE virt-launcher OS does not support the VMI secure boot option","pos":"converter.go:744","timestamp":"2020-11-05T04:35:53.136435Z"}
{"component":"virt-launcher","kind":"","level":"error","msg":"Conversion failed.","name":"vmi-secureboot","namespace":"default","pos":"manager.go:1247","reason":"missing OVMF bootloader","timestamp":"2020-11-05T04:35:53.136541Z","uid":"c56045d5-9be9-4d64-8ca3-fcd514391824"}
{"component":"virt-launcher","kind":"","level":"error","msg":"Failed to sync vmi","name":"vmi-secureboot","namespace":"default","pos":"server.go:161","reason":"missing OVMF bootloader","timestamp":"2020-11-05T04:35:53.136579Z","uid":"c56045d5-9be9-4d64-8ca3-fcd514391824"}
{"component":"virt-launcher","level":"info","msg":"DDDD virt-launcher OS does not support the VMI secure boot option","pos":"converter.go:742","timestamp":"2020-11-05T04:35:53.203065Z"}
{"component":"virt-launcher","level":"info","msg":"EEEE virt-launcher OS does not support the VMI secure boot option","pos":"converter.go:744","timestamp":"2020-11-05T04:35:53.203195Z"}
{"component":"virt-launcher","kind":"","level":"error","msg":"Conversion failed.","name":"vmi-secureboot","namespace":"default","pos":"manager.go:1247","reason":"missing OVMF bootloader","timestamp":"2020-11-05T04:35:53.203376Z","uid":"c56045d5-9be9-4d64-8ca3-fcd514391824"}
{"component":"virt-launcher","kind":"","level":"error","msg":"Failed to sync vmi","name":"vmi-secureboot","namespace":"default","pos":"server.go:161","reason":"missing OVMF bootloader","timestamp":"2020-11-05T04:35:53.203433Z","uid":"c56045d5-9be9-4d64-8ca3-fcd514391824"}
{"component":"virt-launcher","level":"info","msg":"DDDD virt-launcher OS does not support the VMI secure boot option","pos":"converter.go:742","timestamp":"2020-11-05T04:35:53.299091Z"}
{"component":"virt-launcher","level":"info","msg":"EEEE virt-launcher OS does not support the VMI secure boot option","pos":"converter.go:744","timestamp":"2020-11-05T04:35:53.299211Z"}
{"component":"virt-launcher","kind":"","level":"error","msg":"Conversion failed.","name":"vmi-secureboot","namespace":"default","pos":"manager.go:1247","reason":"missing OVMF bootloader","timestamp":"2020-11-05T04:35:53.299412Z","uid":"c56045d5-9be9-4d64-8ca3-fcd514391824"}
{"component":"virt-launcher","kind":"","level":"error","msg":"Failed to sync vmi","name":"vmi-secureboot","namespace":"default","pos":"server.go:161","reason":"missing OVMF bootloader","timestamp":"2020-11-05T04:35:53.299514Z","uid":"c56045d5-9be9-4d64-8ca3-fcd514391824"}
{"component":"virt-launcher","level":"info","msg":"DDDD virt-launcher OS does not support the VMI secure boot option","pos":"converter.go:742","timestamp":"2020-11-05T04:35:53.682897Z"}
{"component":"virt-launcher","level":"info","msg":"EEEE virt-launcher OS does not support the VMI secure boot option","pos":"converter.go:744","timestamp":"2020-11-05T04:35:53.682972Z"}
{"component":"virt-launcher","kind":"","level":"error","msg":"Conversion failed.","name":"vmi-secureboot","namespace":"default","pos":"manager.go:1247","reason":"missing OVMF bootloader","timestamp":"2020-11-05T04:35:53.683012Z","uid":"c56045d5-9be9-4d64-8ca3-fcd514391824"}
{"component":"virt-launcher","kind":"","level":"error","msg":"Failed to sync vmi","name":"vmi-secureboot","namespace":"default","pos":"server.go:161","reason":"missing OVMF bootloader","timestamp":"2020-11-05T04:35:53.683045Z","uid":"c56045d5-9be9-4d64-8ca3-fcd514391824"}
{"component":"virt-launcher","level":"info","msg":"DDDD virt-launcher OS does not support the VMI secure boot option","pos":"converter.go:742","timestamp":"2020-11-05T04:35:54.405726Z"}
{"component":"virt-launcher","level":"info","msg":"EEEE virt-launcher OS does not support the VMI secure boot option","pos":"converter.go:744","timestamp":"2020-11-05T04:35:54.405888Z"}
{"component":"virt-launcher","kind":"","level":"error","msg":"Conversion failed.","name":"vmi-secureboot","namespace":"default","pos":"manager.go:1247","reason":"missing OVMF bootloader","timestamp":"2020-11-05T04:35:54.405946Z","uid":"c56045d5-9be9-4d64-8ca3-fcd514391824"}
{"component":"virt-launcher","kind":"","level":"error","msg":"Failed to sync vmi","name":"vmi-secureboot","namespace":"default","pos":"server.go:161","reason":"missing OVMF bootloader","timestamp":"2020-11-05T04:35:54.405997Z","uid":"c56045d5-9be9-4d64-8ca3-fcd514391824"}
{"component":"virt-launcher","level":"info","msg":"DDDD virt-launcher OS does not support the VMI secure boot option","pos":"converter.go:742","timestamp":"2020-11-05T04:35:55.761967Z"}
{"component":"virt-launcher","level":"info","msg":"EEEE virt-launcher OS does not support the VMI secure boot option","pos":"converter.go:744","timestamp":"2020-11-05T04:35:55.762063Z"}
{"component":"virt-launcher","kind":"","level":"error","msg":"Conversion failed.","name":"vmi-secureboot","namespace":"default","pos":"manager.go:1247","reason":"missing OVMF bootloader","timestamp":"2020-11-05T04:35:55.762106Z","uid":"c56045d5-9be9-4d64-8ca3-fcd514391824"}
{"component":"virt-launcher","kind":"","level":"error","msg":"Failed to sync vmi","name":"vmi-secureboot","namespace":"default","pos":"server.go:161","reason":"missing OVMF bootloader","timestamp":"2020-11-05T04:35:55.762145Z","uid":"c56045d5-9be9-4d64-8ca3-fcd514391824"}
{"component":"virt-launcher","level":"info","msg":"DDDD virt-launcher OS does not support the VMI secure boot option","pos":"converter.go:742","timestamp":"2020-11-05T04:35:58.395922Z"}
{"component":"virt-launcher","level":"info","msg":"EEEE virt-launcher OS does not support the VMI secure boot option","pos":"converter.go:744","timestamp":"2020-11-05T04:35:58.396112Z"}
{"component":"virt-launcher","kind":"","level":"error","msg":"Conversion failed.","name":"vmi-secureboot","namespace":"default","pos":"manager.go:1247","reason":"missing OVMF bootloader","timestamp":"2020-11-05T04:35:58.396203Z","uid":"c56045d5-9be9-4d64-8ca3-fcd514391824"}
{"component":"virt-launcher","kind":"","level":"error","msg":"Failed to sync vmi","name":"vmi-secureboot","namespace":"default","pos":"server.go:161","reason":"missing OVMF bootloader","timestamp":"2020-11-05T04:35:58.396413Z","uid":"c56045d5-9be9-4d64-8ca3-fcd514391824"}
{"component":"virt-launcher","level":"info","msg":"DDDD virt-launcher OS does not support the VMI secure boot option","pos":"converter.go:742","timestamp":"2020-11-05T04:36:03.792651Z"}
{"component":"virt-launcher","level":"info","msg":"EEEE virt-launcher OS does not support the VMI secure boot option","pos":"converter.go:744","timestamp":"2020-11-05T04:36:03.792872Z"}
{"component":"virt-launcher","kind":"","level":"error","msg":"Conversion failed.","name":"vmi-secureboot","namespace":"default","pos":"manager.go:1247","reason":"missing OVMF bootloader","timestamp":"2020-11-05T04:36:03.792971Z","uid":"c56045d5-9be9-4d64-8ca3-fcd514391824"}
{"component":"virt-launcher","kind":"","level":"error","msg":"Failed to sync vmi","name":"vmi-secureboot","namespace":"default","pos":"server.go:161","reason":"missing OVMF bootloader","timestamp":"2020-11-05T04:36:03.793028Z","uid":"c56045d5-9be9-4d64-8ca3-fcd514391824"}
{"component":"virt-launcher","level":"info","msg":"DDDD virt-launcher OS does not support the VMI secure boot option","pos":"converter.go:742","timestamp":"2020-11-05T04:36:14.118531Z"}
{"component":"virt-launcher","level":"info","msg":"EEEE virt-launcher OS does not support the VMI secure boot option","pos":"converter.go:744","timestamp":"2020-11-05T04:36:14.119157Z"}
{"component":"virt-launcher","kind":"","level":"error","msg":"Conversion failed.","name":"vmi-secureboot","namespace":"default","pos":"manager.go:1247","reason":"missing OVMF bootloader","timestamp":"2020-11-05T04:36:14.119344Z","uid":"c56045d5-9be9-4d64-8ca3-fcd514391824"}
{"component":"virt-launcher","kind":"","level":"error","msg":"Failed to sync vmi","name":"vmi-secureboot","namespace":"default","pos":"server.go:161","reason":"missing OVMF bootloader","timestamp":"2020-11-05T04:36:14.119415Z","uid":"c56045d5-9be9-4d64-8ca3-fcd514391824"}
{"component":"virt-launcher","level":"info","msg":"DDDD virt-launcher OS does not support the VMI secure boot option","pos":"converter.go:742","timestamp":"2020-11-05T04:36:34.785571Z"}
{"component":"virt-launcher","level":"info","msg":"EEEE virt-launcher OS does not support the VMI secure boot option","pos":"converter.go:744","timestamp":"2020-11-05T04:36:34.785700Z"}
{"component":"virt-launcher","kind":"","level":"error","msg":"Conversion failed.","name":"vmi-secureboot","namespace":"default","pos":"manager.go:1247","reason":"missing OVMF bootloader","timestamp":"2020-11-05T04:36:34.785754Z","uid":"c56045d5-9be9-4d64-8ca3-fcd514391824"}
{"component":"virt-launcher","kind":"","level":"error","msg":"Failed to sync vmi","name":"vmi-secureboot","namespace":"default","pos":"server.go:161","reason":"missing OVMF bootloader","timestamp":"2020-11-05T04:36:34.785796Z","uid":"c56045d5-9be9-4d64-8ca3-fcd514391824"}
{"component":"virt-launcher","level":"info","msg":"DDDD virt-launcher OS does not support the VMI secure boot option","pos":"converter.go:742","timestamp":"2020-11-05T04:37:15.859155Z"}
{"component":"virt-launcher","level":"info","msg":"EEEE virt-launcher OS does not support the VMI secure boot option","pos":"converter.go:744","timestamp":"2020-11-05T04:37:15.859940Z"}
{"component":"virt-launcher","kind":"","level":"error","msg":"Conversion failed.","name":"vmi-secureboot","namespace":"default","pos":"manager.go:1247","reason":"missing OVMF bootloader","timestamp":"2020-11-05T04:37:15.860041Z","uid":"c56045d5-9be9-4d64-8ca3-fcd514391824"}
{"component":"virt-launcher","kind":"","level":"error","msg":"Failed to sync vmi","name":"vmi-secureboot","namespace":"default","pos":"server.go:161","reason":"missing OVMF bootloader","timestamp":"2020-11-05T04:37:15.860131Z","uid":"c56045d5-9be9-4d64-8ca3-fcd514391824"}
{"component":"virt-launcher","level":"info","msg":"DDDD virt-launcher OS does not support the VMI secure boot option","pos":"converter.go:742","timestamp":"2020-11-05T04:38:37.871173Z"}
{"component":"virt-launcher","level":"info","msg":"EEEE virt-launcher OS does not support the VMI secure boot option","pos":"converter.go:744","timestamp":"2020-11-05T04:38:37.871713Z"}
{"component":"virt-launcher","kind":"","level":"error","msg":"Conversion failed.","name":"vmi-secureboot","namespace":"default","pos":"manager.go:1247","reason":"missing OVMF bootloader","timestamp":"2020-11-05T04:38:37.871766Z","uid":"c56045d5-9be9-4d64-8ca3-fcd514391824"}
{"component":"virt-launcher","kind":"","level":"error","msg":"Failed to sync vmi","name":"vmi-secureboot","namespace":"default","pos":"server.go:161","reason":"missing OVMF bootloader","timestamp":"2020-11-05T04:38:37.871853Z","uid":"c56045d5-9be9-4d64-8ca3-fcd514391824"}
panic: timed out waiting for domain to be defined

goroutine 1 [running]:
main.waitForDomainUUID(0x45d964b800, 0xc0000887e0, 0xc0018bea20, 0x1c1c320, 0xc0006f6070, 0xc0000887e0)
	cmd/virt-launcher/virt-launcher.go:213 +0x3f4
main.main()
	cmd/virt-launcher/virt-launcher.go:428 +0xe6c
{"component":"virt-launcher","level":"error","msg":"dirty virt-launcher shutdown","pos":"virt-launcher.go:540","reason":"exit status 2","timestamp":"2020-11-05T04:40:51.828060Z"}
