{"component":"virt-launcher","level":"info","msg":"Collected all requested hook sidecar sockets","pos":"manager.go:68","timestamp":"2020-11-05T13:44:35.132658Z"}
{"component":"virt-launcher","level":"info","msg":"Sorted all collected sidecar sockets per hook point based on their priority and name: map[]","pos":"manager.go:71","timestamp":"2020-11-05T13:44:35.132883Z"}
{"component":"virt-launcher","level":"info","msg":"Connecting to libvirt daemon: qemu:///system","pos":"libvirt.go:380","timestamp":"2020-11-05T13:44:35.197494Z"}
{"component":"virt-launcher","level":"info","msg":"Connecting to libvirt daemon failed: virError(Code=38, Domain=7, Message='Failed to connect socket to '/var/run/libvirt/libvirt-sock': No such file or directory')","pos":"libvirt.go:388","timestamp":"2020-11-05T13:44:35.222214Z"}
{"component":"virt-launcher","level":"info","msg":"libvirt version: 6.0.0, package: 16.fc31 (Unknown, 2020-04-07-15:55:55, )","subcomponent":"libvirt","thread":"46","timestamp":"2020-11-05T13:44:35.321000Z"}
{"component":"virt-launcher","level":"info","msg":"hostname: vmi-secureboot","subcomponent":"libvirt","thread":"46","timestamp":"2020-11-05T13:44:35.321000Z"}
{"component":"virt-launcher","level":"error","msg":"internal error: Child process (/usr/sbin/dmidecode -q -t 0,1,2,3,4,17) unexpected exit status 1: /dev/mem: No such file or directory","pos":"virCommandWait:2709","subcomponent":"libvirt","thread":"46","timestamp":"2020-11-05T13:44:35.321000Z"}
{"component":"virt-launcher","level":"info","msg":"Connected to libvirt daemon","pos":"libvirt.go:396","timestamp":"2020-11-05T13:44:35.730298Z"}
{"component":"virt-launcher","level":"info","msg":"Registered libvirt event notify callback","pos":"client.go:394","timestamp":"2020-11-05T13:44:35.762358Z"}
{"component":"virt-launcher","level":"info","msg":"Marked as ready","pos":"virt-launcher.go:71","timestamp":"2020-11-05T13:44:35.765391Z"}
{"component":"virt-launcher","level":"info","msg":"DDDD virt-launcher OS does not support the VMI secure boot option","pos":"converter.go:742","timestamp":"2020-11-05T13:44:36.361319Z"}
{"component":"virt-launcher","level":"info","msg":"EEEE virt-launcher OS does not support the VMI secure boot option","pos":"converter.go:744","timestamp":"2020-11-05T13:44:36.367685Z"}
{"component":"virt-launcher","kind":"","level":"error","msg":"Conversion failed.","name":"vmi-secureboot","namespace":"default","pos":"manager.go:1247","reason":"missing OVMF bootloader","timestamp":"2020-11-05T13:44:36.367800Z","uid":"8c8d19b9-9a5a-46c0-8eb1-5090df1edb04"}
{"component":"virt-launcher","kind":"","level":"error","msg":"Failed to sync vmi","name":"vmi-secureboot","namespace":"default","pos":"server.go:161","reason":"Conversion failed:missing OVMF bootloader","timestamp":"2020-11-05T13:44:36.367909Z","uid":"8c8d19b9-9a5a-46c0-8eb1-5090df1edb04"}
{"component":"virt-launcher","level":"info","msg":"DDDD virt-launcher OS does not support the VMI secure boot option","pos":"converter.go:742","timestamp":"2020-11-05T13:44:36.472391Z"}
{"component":"virt-launcher","level":"info","msg":"EEEE virt-launcher OS does not support the VMI secure boot option","pos":"converter.go:744","timestamp":"2020-11-05T13:44:36.472640Z"}
{"component":"virt-launcher","kind":"","level":"error","msg":"Conversion failed.","name":"vmi-secureboot","namespace":"default","pos":"manager.go:1247","reason":"missing OVMF bootloader","timestamp":"2020-11-05T13:44:36.472693Z","uid":"8c8d19b9-9a5a-46c0-8eb1-5090df1edb04"}
{"component":"virt-launcher","kind":"","level":"error","msg":"Failed to sync vmi","name":"vmi-secureboot","namespace":"default","pos":"server.go:161","reason":"Conversion failed:missing OVMF bootloader","timestamp":"2020-11-05T13:44:36.472735Z","uid":"8c8d19b9-9a5a-46c0-8eb1-5090df1edb04"}
{"component":"virt-launcher","level":"info","msg":"DDDD virt-launcher OS does not support the VMI secure boot option","pos":"converter.go:742","timestamp":"2020-11-05T13:44:36.560295Z"}
{"component":"virt-launcher","level":"info","msg":"EEEE virt-launcher OS does not support the VMI secure boot option","pos":"converter.go:744","timestamp":"2020-11-05T13:44:36.560752Z"}
{"component":"virt-launcher","kind":"","level":"error","msg":"Conversion failed.","name":"vmi-secureboot","namespace":"default","pos":"manager.go:1247","reason":"missing OVMF bootloader","timestamp":"2020-11-05T13:44:36.560806Z","uid":"8c8d19b9-9a5a-46c0-8eb1-5090df1edb04"}
{"component":"virt-launcher","kind":"","level":"error","msg":"Failed to sync vmi","name":"vmi-secureboot","namespace":"default","pos":"server.go:161","reason":"Conversion failed:missing OVMF bootloader","timestamp":"2020-11-05T13:44:36.560848Z","uid":"8c8d19b9-9a5a-46c0-8eb1-5090df1edb04"}
{"component":"virt-launcher","level":"info","msg":"DDDD virt-launcher OS does not support the VMI secure boot option","pos":"converter.go:742","timestamp":"2020-11-05T13:44:36.734898Z"}
{"component":"virt-launcher","level":"info","msg":"EEEE virt-launcher OS does not support the VMI secure boot option","pos":"converter.go:744","timestamp":"2020-11-05T13:44:36.735014Z"}
{"component":"virt-launcher","kind":"","level":"error","msg":"Conversion failed.","name":"vmi-secureboot","namespace":"default","pos":"manager.go:1247","reason":"missing OVMF bootloader","timestamp":"2020-11-05T13:44:36.735059Z","uid":"8c8d19b9-9a5a-46c0-8eb1-5090df1edb04"}
{"component":"virt-launcher","kind":"","level":"error","msg":"Failed to sync vmi","name":"vmi-secureboot","namespace":"default","pos":"server.go:161","reason":"Conversion failed:missing OVMF bootloader","timestamp":"2020-11-05T13:44:36.735089Z","uid":"8c8d19b9-9a5a-46c0-8eb1-5090df1edb04"}
{"component":"virt-launcher","level":"info","msg":"DDDD virt-launcher OS does not support the VMI secure boot option","pos":"converter.go:742","timestamp":"2020-11-05T13:44:36.833958Z"}
{"component":"virt-launcher","level":"info","msg":"EEEE virt-launcher OS does not support the VMI secure boot option","pos":"converter.go:744","timestamp":"2020-11-05T13:44:36.834169Z"}
{"component":"virt-launcher","kind":"","level":"error","msg":"Conversion failed.","name":"vmi-secureboot","namespace":"default","pos":"manager.go:1247","reason":"missing OVMF bootloader","timestamp":"2020-11-05T13:44:36.834214Z","uid":"8c8d19b9-9a5a-46c0-8eb1-5090df1edb04"}
{"component":"virt-launcher","kind":"","level":"error","msg":"Failed to sync vmi","name":"vmi-secureboot","namespace":"default","pos":"server.go:161","reason":"Conversion failed:missing OVMF bootloader","timestamp":"2020-11-05T13:44:36.834255Z","uid":"8c8d19b9-9a5a-46c0-8eb1-5090df1edb04"}
{"component":"virt-launcher","level":"info","msg":"DDDD virt-launcher OS does not support the VMI secure boot option","pos":"converter.go:742","timestamp":"2020-11-05T13:44:36.993747Z"}
{"component":"virt-launcher","level":"info","msg":"EEEE virt-launcher OS does not support the VMI secure boot option","pos":"converter.go:744","timestamp":"2020-11-05T13:44:36.993892Z"}
{"component":"virt-launcher","kind":"","level":"error","msg":"Conversion failed.","name":"vmi-secureboot","namespace":"default","pos":"manager.go:1247","reason":"missing OVMF bootloader","timestamp":"2020-11-05T13:44:36.993960Z","uid":"8c8d19b9-9a5a-46c0-8eb1-5090df1edb04"}
{"component":"virt-launcher","kind":"","level":"error","msg":"Failed to sync vmi","name":"vmi-secureboot","namespace":"default","pos":"server.go:161","reason":"Conversion failed:missing OVMF bootloader","timestamp":"2020-11-05T13:44:36.993997Z","uid":"8c8d19b9-9a5a-46c0-8eb1-5090df1edb04"}
{"component":"virt-launcher","level":"info","msg":"DDDD virt-launcher OS does not support the VMI secure boot option","pos":"converter.go:742","timestamp":"2020-11-05T13:44:37.277886Z"}
{"component":"virt-launcher","level":"info","msg":"EEEE virt-launcher OS does not support the VMI secure boot option","pos":"converter.go:744","timestamp":"2020-11-05T13:44:37.278015Z"}
{"component":"virt-launcher","kind":"","level":"error","msg":"Conversion failed.","name":"vmi-secureboot","namespace":"default","pos":"manager.go:1247","reason":"missing OVMF bootloader","timestamp":"2020-11-05T13:44:37.278067Z","uid":"8c8d19b9-9a5a-46c0-8eb1-5090df1edb04"}
{"component":"virt-launcher","kind":"","level":"error","msg":"Failed to sync vmi","name":"vmi-secureboot","namespace":"default","pos":"server.go:161","reason":"Conversion failed:missing OVMF bootloader","timestamp":"2020-11-05T13:44:37.278098Z","uid":"8c8d19b9-9a5a-46c0-8eb1-5090df1edb04"}
{"component":"virt-launcher","level":"info","msg":"DDDD virt-launcher OS does not support the VMI secure boot option","pos":"converter.go:742","timestamp":"2020-11-05T13:44:37.772109Z"}
{"component":"virt-launcher","level":"info","msg":"EEEE virt-launcher OS does not support the VMI secure boot option","pos":"converter.go:744","timestamp":"2020-11-05T13:44:37.772209Z"}
{"component":"virt-launcher","kind":"","level":"error","msg":"Conversion failed.","name":"vmi-secureboot","namespace":"default","pos":"manager.go:1247","reason":"missing OVMF bootloader","timestamp":"2020-11-05T13:44:37.772251Z","uid":"8c8d19b9-9a5a-46c0-8eb1-5090df1edb04"}
{"component":"virt-launcher","kind":"","level":"error","msg":"Failed to sync vmi","name":"vmi-secureboot","namespace":"default","pos":"server.go:161","reason":"Conversion failed:missing OVMF bootloader","timestamp":"2020-11-05T13:44:37.772295Z","uid":"8c8d19b9-9a5a-46c0-8eb1-5090df1edb04"}
{"component":"virt-launcher","level":"info","msg":"DDDD virt-launcher OS does not support the VMI secure boot option","pos":"converter.go:742","timestamp":"2020-11-05T13:44:38.496392Z"}
{"component":"virt-launcher","level":"info","msg":"EEEE virt-launcher OS does not support the VMI secure boot option","pos":"converter.go:744","timestamp":"2020-11-05T13:44:38.496655Z"}
{"component":"virt-launcher","kind":"","level":"error","msg":"Conversion failed.","name":"vmi-secureboot","namespace":"default","pos":"manager.go:1247","reason":"missing OVMF bootloader","timestamp":"2020-11-05T13:44:38.496708Z","uid":"8c8d19b9-9a5a-46c0-8eb1-5090df1edb04"}
{"component":"virt-launcher","kind":"","level":"error","msg":"Failed to sync vmi","name":"vmi-secureboot","namespace":"default","pos":"server.go:161","reason":"Conversion failed:missing OVMF bootloader","timestamp":"2020-11-05T13:44:38.496778Z","uid":"8c8d19b9-9a5a-46c0-8eb1-5090df1edb04"}
{"component":"virt-launcher","level":"info","msg":"DDDD virt-launcher OS does not support the VMI secure boot option","pos":"converter.go:742","timestamp":"2020-11-05T13:44:39.849241Z"}
{"component":"virt-launcher","level":"info","msg":"EEEE virt-launcher OS does not support the VMI secure boot option","pos":"converter.go:744","timestamp":"2020-11-05T13:44:39.849835Z"}
{"component":"virt-launcher","kind":"","level":"error","msg":"Conversion failed.","name":"vmi-secureboot","namespace":"default","pos":"manager.go:1247","reason":"missing OVMF bootloader","timestamp":"2020-11-05T13:44:39.849895Z","uid":"8c8d19b9-9a5a-46c0-8eb1-5090df1edb04"}
{"component":"virt-launcher","kind":"","level":"error","msg":"Failed to sync vmi","name":"vmi-secureboot","namespace":"default","pos":"server.go:161","reason":"Conversion failed:missing OVMF bootloader","timestamp":"2020-11-05T13:44:39.849932Z","uid":"8c8d19b9-9a5a-46c0-8eb1-5090df1edb04"}
{"component":"virt-launcher","level":"info","msg":"DDDD virt-launcher OS does not support the VMI secure boot option","pos":"converter.go:742","timestamp":"2020-11-05T13:44:42.513792Z"}
{"component":"virt-launcher","level":"info","msg":"EEEE virt-launcher OS does not support the VMI secure boot option","pos":"converter.go:744","timestamp":"2020-11-05T13:44:42.513981Z"}
{"component":"virt-launcher","kind":"","level":"error","msg":"Conversion failed.","name":"vmi-secureboot","namespace":"default","pos":"manager.go:1247","reason":"missing OVMF bootloader","timestamp":"2020-11-05T13:44:42.514040Z","uid":"8c8d19b9-9a5a-46c0-8eb1-5090df1edb04"}
{"component":"virt-launcher","kind":"","level":"error","msg":"Failed to sync vmi","name":"vmi-secureboot","namespace":"default","pos":"server.go:161","reason":"Conversion failed:missing OVMF bootloader","timestamp":"2020-11-05T13:44:42.514141Z","uid":"8c8d19b9-9a5a-46c0-8eb1-5090df1edb04"}
{"component":"virt-launcher","level":"info","msg":"DDDD virt-launcher OS does not support the VMI secure boot option","pos":"converter.go:742","timestamp":"2020-11-05T13:44:47.743525Z"}
{"component":"virt-launcher","level":"info","msg":"EEEE virt-launcher OS does not support the VMI secure boot option","pos":"converter.go:744","timestamp":"2020-11-05T13:44:47.743817Z"}
{"component":"virt-launcher","kind":"","level":"error","msg":"Conversion failed.","name":"vmi-secureboot","namespace":"default","pos":"manager.go:1247","reason":"missing OVMF bootloader","timestamp":"2020-11-05T13:44:47.743866Z","uid":"8c8d19b9-9a5a-46c0-8eb1-5090df1edb04"}
{"component":"virt-launcher","kind":"","level":"error","msg":"Failed to sync vmi","name":"vmi-secureboot","namespace":"default","pos":"server.go:161","reason":"Conversion failed:missing OVMF bootloader","timestamp":"2020-11-05T13:44:47.743906Z","uid":"8c8d19b9-9a5a-46c0-8eb1-5090df1edb04"}
{"component":"virt-launcher","level":"info","msg":"DDDD virt-launcher OS does not support the VMI secure boot option","pos":"converter.go:742","timestamp":"2020-11-05T13:44:58.096754Z"}
{"component":"virt-launcher","level":"info","msg":"EEEE virt-launcher OS does not support the VMI secure boot option","pos":"converter.go:744","timestamp":"2020-11-05T13:44:58.097015Z"}
{"component":"virt-launcher","kind":"","level":"error","msg":"Conversion failed.","name":"vmi-secureboot","namespace":"default","pos":"manager.go:1247","reason":"missing OVMF bootloader","timestamp":"2020-11-05T13:44:58.097069Z","uid":"8c8d19b9-9a5a-46c0-8eb1-5090df1edb04"}
{"component":"virt-launcher","kind":"","level":"error","msg":"Failed to sync vmi","name":"vmi-secureboot","namespace":"default","pos":"server.go:161","reason":"Conversion failed:missing OVMF bootloader","timestamp":"2020-11-05T13:44:58.097118Z","uid":"8c8d19b9-9a5a-46c0-8eb1-5090df1edb04"}
{"component":"virt-launcher","level":"info","msg":"DDDD virt-launcher OS does not support the VMI secure boot option","pos":"converter.go:742","timestamp":"2020-11-05T13:45:18.681344Z"}
{"component":"virt-launcher","level":"info","msg":"EEEE virt-launcher OS does not support the VMI secure boot option","pos":"converter.go:744","timestamp":"2020-11-05T13:45:18.681772Z"}
{"component":"virt-launcher","kind":"","level":"error","msg":"Conversion failed.","name":"vmi-secureboot","namespace":"default","pos":"manager.go:1247","reason":"missing OVMF bootloader","timestamp":"2020-11-05T13:45:18.681840Z","uid":"8c8d19b9-9a5a-46c0-8eb1-5090df1edb04"}
{"component":"virt-launcher","kind":"","level":"error","msg":"Failed to sync vmi","name":"vmi-secureboot","namespace":"default","pos":"server.go:161","reason":"Conversion failed:missing OVMF bootloader","timestamp":"2020-11-05T13:45:18.681883Z","uid":"8c8d19b9-9a5a-46c0-8eb1-5090df1edb04"}
{"component":"virt-launcher","level":"info","msg":"DDDD virt-launcher OS does not support the VMI secure boot option","pos":"converter.go:742","timestamp":"2020-11-05T13:45:59.714821Z"}
{"component":"virt-launcher","level":"info","msg":"EEEE virt-launcher OS does not support the VMI secure boot option","pos":"converter.go:744","timestamp":"2020-11-05T13:45:59.715827Z"}
{"component":"virt-launcher","kind":"","level":"error","msg":"Conversion failed.","name":"vmi-secureboot","namespace":"default","pos":"manager.go:1247","reason":"missing OVMF bootloader","timestamp":"2020-11-05T13:45:59.715898Z","uid":"8c8d19b9-9a5a-46c0-8eb1-5090df1edb04"}
{"component":"virt-launcher","kind":"","level":"error","msg":"Failed to sync vmi","name":"vmi-secureboot","namespace":"default","pos":"server.go:161","reason":"Conversion failed:missing OVMF bootloader","timestamp":"2020-11-05T13:45:59.715945Z","uid":"8c8d19b9-9a5a-46c0-8eb1-5090df1edb04"}
{"component":"virt-launcher","level":"info","msg":"DDDD virt-launcher OS does not support the VMI secure boot option","pos":"converter.go:742","timestamp":"2020-11-05T13:47:21.729970Z"}
{"component":"virt-launcher","level":"info","msg":"EEEE virt-launcher OS does not support the VMI secure boot option","pos":"converter.go:744","timestamp":"2020-11-05T13:47:21.730234Z"}
{"component":"virt-launcher","kind":"","level":"error","msg":"Conversion failed.","name":"vmi-secureboot","namespace":"default","pos":"manager.go:1247","reason":"missing OVMF bootloader","timestamp":"2020-11-05T13:47:21.730281Z","uid":"8c8d19b9-9a5a-46c0-8eb1-5090df1edb04"}
{"component":"virt-launcher","kind":"","level":"error","msg":"Failed to sync vmi","name":"vmi-secureboot","namespace":"default","pos":"server.go:161","reason":"Conversion failed:missing OVMF bootloader","timestamp":"2020-11-05T13:47:21.730329Z","uid":"8c8d19b9-9a5a-46c0-8eb1-5090df1edb04"}
panic: timed out waiting for domain to be defined

goroutine 1 [running]:
main.waitForDomainUUID(0x45d964b800, 0xc0005be420, 0xc0000a2480, 0x1c1c420, 0xc001a26070, 0xc0005be420)
	cmd/virt-launcher/virt-launcher.go:213 +0x3f4
main.main()
	cmd/virt-launcher/virt-launcher.go:428 +0xe6c
{"component":"virt-launcher","level":"error","msg":"dirty virt-launcher shutdown","pos":"virt-launcher.go:540","reason":"exit status 2","timestamp":"2020-11-05T13:49:35.797245Z"}
